#
# There is insufficient memory for the Java Runtime Environment to continue.
# Native memory allocation (malloc) failed to allocate 32744 bytes for ChunkPool::allocate
# Possible reasons:
#   The system is out of physical RAM or swap space
#   The process is running with CompressedOops enabled, and the Java Heap may be blocking the growth of the native heap
# Possible solutions:
#   Reduce memory load on the system
#   Increase physical memory or swap space
#   Check if swap backing store is full
#   Decrease Java heap size (-Xmx/-Xms)
#   Decrease number of Java threads
#   Decrease Java thread stack sizes (-Xss)
#   Set larger code cache with -XX:ReservedCodeCacheSize=
#   JVM is running with Unscaled Compressed Oops mode in which the Java heap is
#     placed in the first 4GB address space. The Java Heap base address is the
#     maximum limit for the native heap growth. Please use -XX:HeapBaseMinAddress
#     to set the Java Heap base and to place the Java Heap above 4GB virtual address.
# This output file may be truncated or incomplete.
#
#  Out of Memory Error (allocation.cpp:272), pid=10084, tid=0x0000000000003134
#
# JRE version: OpenJDK Runtime Environment (8.0_242-b01) (build 1.8.0_242-release-1644-b01)
# Java VM: OpenJDK 64-Bit Server VM (25.242-b01 mixed mode windows-amd64 compressed oops)
# Failed to write core dump. Minidumps are not enabled by default on client versions of Windows
#

---------------  T H R E A D  ---------------

Current thread (0x000000001ae60000):  JavaThread "Daemon worker" [_thread_in_vm, id=12596, stack(0x000000001ca30000,0x000000001cb30000)]

Stack: [0x000000001ca30000,0x000000001cb30000]
[error occurred during error reporting (printing stack bounds), id 0xc0000005]

Native frames: (J=compiled Java code, j=interpreted, Vv=VM code, C=native code)

Java frames: (J=compiled Java code, j=interpreted, Vv=VM code)
J 840  java.lang.ClassLoader.defineClass1(Ljava/lang/String;[BIILjava/security/ProtectionDomain;Ljava/lang/String;)Ljava/lang/Class; (0 bytes) @ 0x0000000002b8fa9f [0x0000000002b8fa00+0x9f]
J 652 C1 java.lang.ClassLoader.defineClass(Ljava/lang/String;[BIILjava/security/ProtectionDomain;)Ljava/lang/Class; (43 bytes) @ 0x0000000002aeade4 [0x0000000002aea800+0x5e4]
J 594 C1 java.net.URLClassLoader.defineClass(Ljava/lang/String;Lsun/misc/Resource;)Ljava/lang/Class; (142 bytes) @ 0x0000000002abe064 [0x0000000002abc500+0x1b64]
J 1832 C1 java.net.URLClassLoader$1.run()Ljava/lang/Class; (63 bytes) @ 0x000000000294c194 [0x000000000294bee0+0x2b4]
J 1581 C1 java.net.URLClassLoader$1.run()Ljava/lang/Object; (5 bytes) @ 0x0000000002db7cbc [0x0000000002db7c40+0x7c]
v  ~StubRoutines::call_stub
J 435  java.security.AccessController.doPrivileged(Ljava/security/PrivilegedExceptionAction;Ljava/security/AccessControlContext;)Ljava/lang/Object; (0 bytes) @ 0x0000000002a39766 [0x0000000002a39700+0x66]
J 1516 C2 java.net.URLClassLoader.findClass(Ljava/lang/String;)Ljava/lang/Class; (47 bytes) @ 0x0000000002d87470 [0x0000000002d873e0+0x90]
J 1827 C2 java.lang.ClassLoader.loadClass(Ljava/lang/String;Z)Ljava/lang/Class; (122 bytes) @ 0x00000000029b800c [0x00000000029b7c00+0x40c]
J 458 C1 java.lang.ClassLoader.loadClass(Ljava/lang/String;)Ljava/lang/Class; (7 bytes) @ 0x0000000002a4398c [0x0000000002a43880+0x10c]
v  ~StubRoutines::call_stub
J 840  java.lang.ClassLoader.defineClass1(Ljava/lang/String;[BIILjava/security/ProtectionDomain;Ljava/lang/String;)Ljava/lang/Class; (0 bytes) @ 0x0000000002b8fa9f [0x0000000002b8fa00+0x9f]
J 652 C1 java.lang.ClassLoader.defineClass(Ljava/lang/String;[BIILjava/security/ProtectionDomain;)Ljava/lang/Class; (43 bytes) @ 0x0000000002aeade4 [0x0000000002aea800+0x5e4]
J 594 C1 java.net.URLClassLoader.defineClass(Ljava/lang/String;Lsun/misc/Resource;)Ljava/lang/Class; (142 bytes) @ 0x0000000002abe064 [0x0000000002abc500+0x1b64]
J 1832 C1 java.net.URLClassLoader$1.run()Ljava/lang/Class; (63 bytes) @ 0x000000000294c194 [0x000000000294bee0+0x2b4]
J 1581 C1 java.net.URLClassLoader$1.run()Ljava/lang/Object; (5 bytes) @ 0x0000000002db7cbc [0x0000000002db7c40+0x7c]
v  ~StubRoutines::call_stub
J 435  java.security.AccessController.doPrivileged(Ljava/security/PrivilegedExceptionAction;Ljava/security/AccessControlContext;)Ljava/lang/Object; (0 bytes) @ 0x0000000002a39766 [0x0000000002a39700+0x66]
J 1516 C2 java.net.URLClassLoader.findClass(Ljava/lang/String;)Ljava/lang/Class; (47 bytes) @ 0x0000000002d87470 [0x0000000002d873e0+0x90]
J 1827 C2 java.lang.ClassLoader.loadClass(Ljava/lang/String;Z)Ljava/lang/Class; (122 bytes) @ 0x00000000029b800c [0x00000000029b7c00+0x40c]
J 458 C1 java.lang.ClassLoader.loadClass(Ljava/lang/String;)Ljava/lang/Class; (7 bytes) @ 0x0000000002a4398c [0x0000000002a43880+0x10c]
v  ~StubRoutines::call_stub
j  org.gradle.internal.service.scopes.ExecutionGlobalServices.createAnnotationMetadataStore(Lorg/gradle/cache/internal/CrossBuildInMemoryCacheFactory;)Lorg/gradle/internal/reflect/annotations/TypeAnnotationMetadataStore;+65
v  ~StubRoutines::call_stub
J 1746  sun.reflect.NativeMethodAccessorImpl.invoke0(Ljava/lang/reflect/Method;Ljava/lang/Object;[Ljava/lang/Object;)Ljava/lang/Object; (0 bytes) @ 0x0000000002e6113f [0x0000000002e610c0+0x7f]
J 1745 C1 sun.reflect.NativeMethodAccessorImpl.invoke(Ljava/lang/Object;[Ljava/lang/Object;)Ljava/lang/Object; (104 bytes) @ 0x0000000002e603a4 [0x0000000002e5f200+0x11a4]
J 1208 C1 sun.reflect.DelegatingMethodAccessorImpl.invoke(Ljava/lang/Object;[Ljava/lang/Object;)Ljava/lang/Object; (10 bytes) @ 0x0000000002cb1644 [0x0000000002cb1540+0x104]
J 1207 C1 java.lang.reflect.Method.invoke(Ljava/lang/Object;[Ljava/lang/Object;)Ljava/lang/Object; (62 bytes) @ 0x0000000002cb106c [0x0000000002cb0c80+0x3ec]
J 1854 C1 org.gradle.internal.reflect.JavaMethod.invoke(Ljava/lang/Object;[Ljava/lang/Object;)Ljava/lang/Object; (74 bytes) @ 0x00000000029b57bc [0x00000000029b56a0+0x11c]
J 1855 C1 org.gradle.internal.service.ReflectionBasedServiceMethod.invoke(Ljava/lang/Object;[Ljava/lang/Object;)Ljava/lang/Object; (16 bytes) @ 0x00000000029b5094 [0x00000000029b5000+0x94]
J 1859 C1 org.gradle.internal.service.DefaultServiceRegistry$FactoryMethodService.invokeMethod([Ljava/lang/Object;)Ljava/lang/Object; (151 bytes) @ 0x00000000029c293c [0x00000000029c2820+0x11c]
J 1857 C1 org.gradle.internal.service.DefaultServiceRegistry$FactoryService.create()Ljava/lang/Object; (18 bytes) @ 0x00000000029bb2b4 [0x00000000029bb180+0x134]
J 1478 C1 org.gradle.internal.service.DefaultServiceRegistry$ManagedObjectServiceProvider.getInstance()Ljava/lang/Object; (81 bytes) @ 0x0000000002d5e8cc [0x0000000002d5e680+0x24c]
J 1477 C1 org.gradle.internal.service.DefaultServiceRegistry$SingletonService.get()Ljava/lang/Object; (5 bytes) @ 0x0000000002d5ee34 [0x0000000002d5ed40+0xf4]
J 1858 C1 org.gradle.internal.service.DefaultServiceRegistry$FactoryService.assembleParameters()[Ljava/lang/Object; (58 bytes) @ 0x00000000029c69f4 [0x00000000029c67c0+0x234]
J 1857 C1 org.gradle.internal.service.DefaultServiceRegistry$FactoryService.create()Ljava/lang/Object; (18 bytes) @ 0x00000000029bb204 [0x00000000029bb180+0x84]
J 1478 C1 org.gradle.internal.service.DefaultServiceRegistry$ManagedObjectServiceProvider.getInstance()Ljava/lang/Object; (81 bytes) @ 0x0000000002d5e8cc [0x0000000002d5e680+0x24c]
J 1477 C1 org.gradle.internal.service.DefaultServiceRegistry$SingletonService.get()Ljava/lang/Object; (5 bytes) @ 0x0000000002d5ee34 [0x0000000002d5ed40+0xf4]
J 1858 C1 org.gradle.internal.service.DefaultServiceRegistry$FactoryService.assembleParameters()[Ljava/lang/Object; (58 bytes) @ 0x00000000029c69f4 [0x00000000029c67c0+0x234]
J 1857 C1 org.gradle.internal.service.DefaultServiceRegistry$FactoryService.create()Ljava/lang/Object; (18 bytes) @ 0x00000000029bb204 [0x00000000029bb180+0x84]
J 1478 C1 org.gradle.internal.service.DefaultServiceRegistry$ManagedObjectServiceProvider.getInstance()Ljava/lang/Object; (81 bytes) @ 0x0000000002d5e8cc [0x0000000002d5e680+0x24c]
J 1477 C1 org.gradle.internal.service.DefaultServiceRegistry$SingletonService.get()Ljava/lang/Object; (5 bytes) @ 0x0000000002d5ee34 [0x0000000002d5ed40+0xf4]
J 1858 C1 org.gradle.internal.service.DefaultServiceRegistry$FactoryService.assembleParameters()[Ljava/lang/Object; (58 bytes) @ 0x00000000029c69f4 [0x00000000029c67c0+0x234]
J 1857 C1 org.gradle.internal.service.DefaultServiceRegistry$FactoryService.create()Ljava/lang/Object; (18 bytes) @ 0x00000000029bb204 [0x00000000029bb180+0x84]
J 1478 C1 org.gradle.internal.service.DefaultServiceRegistry$ManagedObjectServiceProvider.getInstance()Ljava/lang/Object; (81 bytes) @ 0x0000000002d5e8cc [0x0000000002d5e680+0x24c]
J 1477 C1 org.gradle.internal.service.DefaultServiceRegistry$SingletonService.get()Ljava/lang/Object; (5 bytes) @ 0x0000000002d5ee34 [0x0000000002d5ed40+0xf4]
J 1858 C1 org.gradle.internal.service.DefaultServiceRegistry$FactoryService.assembleParameters()[Ljava/lang/Object; (58 bytes) @ 0x00000000029c69f4 [0x00000000029c67c0+0x234]
J 1857 C1 org.gradle.internal.service.DefaultServiceRegistry$FactoryService.create()Ljava/lang/Object; (18 bytes) @ 0x00000000029bb204 [0x00000000029bb180+0x84]
J 1478 C1 org.gradle.internal.service.DefaultServiceRegistry$ManagedObjectServiceProvider.getInstance()Ljava/lang/Object; (81 bytes) @ 0x0000000002d5e8cc [0x0000000002d5e680+0x24c]
J 1477 C1 org.gradle.internal.service.DefaultServiceRegistry$SingletonService.get()Ljava/lang/Object; (5 bytes) @ 0x0000000002d5ee34 [0x0000000002d5ed40+0xf4]
J 1858 C1 org.gradle.internal.service.DefaultServiceRegistry$FactoryService.assembleParameters()[Ljava/lang/Object; (58 bytes) @ 0x00000000029c69f4 [0x00000000029c67c0+0x234]
J 1857 C1 org.gradle.internal.service.DefaultServiceRegistry$FactoryService.create()Ljava/lang/Object; (18 bytes) @ 0x00000000029bb204 [0x00000000029bb180+0x84]
J 1478 C1 org.gradle.internal.service.DefaultServiceRegistry$ManagedObjectServiceProvider.getInstance()Ljava/lang/Object; (81 bytes) @ 0x0000000002d5e8cc [0x0000000002d5e680+0x24c]
J 1477 C1 org.gradle.internal.service.DefaultServiceRegistry$SingletonService.get()Ljava/lang/Object; (5 bytes) @ 0x0000000002d5ee34 [0x0000000002d5ed40+0xf4]
J 1858 C1 org.gradle.internal.service.DefaultServiceRegistry$FactoryService.assembleParameters()[Ljava/lang/Object; (58 bytes) @ 0x00000000029c69f4 [0x00000000029c67c0+0x234]
J 1857 C1 org.gradle.internal.service.DefaultServiceRegistry$FactoryService.create()Ljava/lang/Object; (18 bytes) @ 0x00000000029bb204 [0x00000000029bb180+0x84]
J 1478 C1 org.gradle.internal.service.DefaultServiceRegistry$ManagedObjectServiceProvider.getInstance()Ljava/lang/Object; (81 bytes) @ 0x0000000002d5e8cc [0x0000000002d5e680+0x24c]
J 1477 C1 org.gradle.internal.service.DefaultServiceRegistry$SingletonService.get()Ljava/lang/Object; (5 bytes) @ 0x0000000002d5ee34 [0x0000000002d5ed40+0xf4]
J 1858 C1 org.gradle.internal.service.DefaultServiceRegistry$FactoryService.assembleParameters()[Ljava/lang/Object; (58 bytes) @ 0x00000000029c69f4 [0x00000000029c67c0+0x234]
J 1857 C1 org.gradle.internal.service.DefaultServiceRegistry$FactoryService.create()Ljava/lang/Object; (18 bytes) @ 0x00000000029bb204 [0x00000000029bb180+0x84]
J 1478 C1 org.gradle.internal.service.DefaultServiceRegistry$ManagedObjectServiceProvider.getInstance()Ljava/lang/Object; (81 bytes) @ 0x0000000002d5e8cc [0x0000000002d5e680+0x24c]
J 1477 C1 org.gradle.internal.service.DefaultServiceRegistry$SingletonService.get()Ljava/lang/Object; (5 bytes) @ 0x0000000002d5ee34 [0x0000000002d5ed40+0xf4]
j  org.gradle.internal.service.DefaultServiceRegistry.find(Ljava/lang/reflect/Type;)Ljava/lang/Object;+22
j  org.gradle.internal.service.DefaultServiceRegistry.get(Ljava/lang/reflect/Type;)Ljava/lang/Object;+2
j  org.gradle.internal.service.DefaultServiceRegistry.get(Ljava/lang/Class;)Ljava/lang/Object;+3
j  org.gradle.api.internal.artifacts.DefaultDependencyManagementServices$DefaultDependencyResolutionServices.getDependencyLockingHandler()Lorg/gradle/api/artifacts/dsl/DependencyLockingHandler;+6
j  org.gradle.api.internal.initialization.DefaultScriptHandler.<init>(Lorg/gradle/groovy/scripts/ScriptSource;Lorg/gradle/api/internal/artifacts/DependencyResolutionServices;Lorg/gradle/api/internal/initialization/ClassLoaderScope;Lorg/gradle/api/internal/initialization/ScriptClassPathResolver;Lorg/gradle/api/internal/model/NamedObjectInstantiator;)V+43
j  org.gradle.api.internal.initialization.DefaultScriptHandlerFactory.create(Lorg/gradle/groovy/scripts/ScriptSource;Lorg/gradle/api/internal/initialization/ClassLoaderScope;Lorg/gradle/api/internal/DomainObjectContext;)Lorg/gradle/api/internal/initialization/ScriptHandlerInternal;+44
j  org.gradle.api.internal.initialization.DefaultScriptHandlerFactory.create(Lorg/gradle/groovy/scripts/ScriptSource;Lorg/gradle/api/internal/initialization/ClassLoaderScope;)Lorg/gradle/api/internal/initialization/ScriptHandlerInternal;+6
j  org.gradle.initialization.SettingsFactory.createSettings(Lorg/gradle/api/internal/GradleInternal;Ljava/io/File;Lorg/gradle/groovy/scripts/ScriptSource;Ljava/util/Map;Lorg/gradle/StartParameter;Lorg/gradle/api/internal/initialization/ClassLoaderScope;)Lorg/gradle/api/internal/SettingsInternal;+18
j  org.gradle.initialization.ScriptEvaluatingSettingsProcessor.process(Lorg/gradle/api/internal/GradleInternal;Lorg/gradle/initialization/SettingsLocation;Lorg/gradle/api/internal/initialization/ClassLoaderScope;Lorg/gradle/StartParameter;)Lorg/gradle/api/internal/SettingsInternal;+59
j  org.gradle.initialization.PropertiesLoadingSettingsProcessor.process(Lorg/gradle/api/internal/GradleInternal;Lorg/gradle/initialization/SettingsLocation;Lorg/gradle/api/internal/initialization/ClassLoaderScope;Lorg/gradle/StartParameter;)Lorg/gradle/api/internal/SettingsInternal;+22
j  org.gradle.initialization.SettingsEvaluatedCallbackFiringSettingsProcessor.process(Lorg/gradle/api/internal/GradleInternal;Lorg/gradle/initialization/SettingsLocation;Lorg/gradle/api/internal/initialization/ClassLoaderScope;Lorg/gradle/StartParameter;)Lorg/gradle/api/internal/SettingsInternal;+9
j  org.gradle.initialization.RootBuildCacheControllerSettingsProcessor.process(Lorg/gradle/api/internal/GradleInternal;Lorg/gradle/initialization/SettingsLocation;Lorg/gradle/api/internal/initialization/ClassLoaderScope;Lorg/gradle/StartParameter;)Lorg/gradle/api/internal/SettingsInternal;+9
j  org.gradle.initialization.BuildOperationSettingsProcessor$2.call(Lorg/gradle/internal/operations/BuildOperationContext;)Lorg/gradle/api/internal/SettingsInternal;+23
j  org.gradle.initialization.BuildOperationSettingsProcessor$2.call(Lorg/gradle/internal/operations/BuildOperationContext;)Ljava/lang/Object;+2
j  org.gradle.internal.operations.DefaultBuildOperationExecutor$CallableBuildOperationWorker.execute(Lorg/gradle/internal/operations/CallableBuildOperation;Lorg/gradle/internal/operations/BuildOperationContext;)V+3
j  org.gradle.internal.operations.DefaultBuildOperationExecutor$CallableBuildOperationWorker.execute(Lorg/gradle/internal/operations/BuildOperation;Lorg/gradle/internal/operations/BuildOperationContext;)V+6
j  org.gradle.internal.operations.DefaultBuildOperationExecutor$1.execute(Lorg/gradle/internal/operations/BuildOperationDescriptor;Lorg/gradle/internal/operations/DefaultBuildOperationExecutor$DefaultBuildOperationContext;Lorg/gradle/internal/operations/DefaultBuildOperationExecutor$BuildOperationExecutionListener;)Lorg/gradle/internal/operations/BuildOperation;+18
j  org.gradle.internal.operations.DefaultBuildOperationExecutor.execute(Lorg/gradle/internal/operations/BuildOperationDescriptor$Builder;Lorg/gradle/internal/operations/DefaultBuildOperationExecutor$BuildOperationState;Lorg/gradle/internal/operations/DefaultBuildOperationExecutor$BuildOperationExecution;)Lorg/gradle/internal/operations/BuildOperation;+105
j  org.gradle.internal.operations.DefaultBuildOperationExecutor.execute(Lorg/gradle/internal/operations/BuildOperation;Lorg/gradle/internal/operations/BuildOperationWorker;Lorg/gradle/internal/operations/DefaultBuildOperationExecutor$BuildOperationState;)V+22
j  org.gradle.internal.operations.DefaultBuildOperationExecutor.call(Lorg/gradle/internal/operations/CallableBuildOperation;)Ljava/lang/Object;+16
j  org.gradle.internal.operations.DelegatingBuildOperationExecutor.call(Lorg/gradle/internal/operations/CallableBuildOperation;)Ljava/lang/Object;+5
j  org.gradle.initialization.BuildOperationSettingsProcessor.process(Lorg/gradle/api/internal/GradleInternal;Lorg/gradle/initialization/SettingsLocation;Lorg/gradle/api/internal/initialization/ClassLoaderScope;Lorg/gradle/StartParameter;)Lorg/gradle/api/internal/SettingsInternal;+17
j  org.gradle.initialization.DefaultSettingsLoader.findSettingsAndLoadIfAppropriate(Lorg/gradle/api/internal/GradleInternal;Lorg/gradle/StartParameter;Lorg/gradle/api/internal/initialization/ClassLoaderScope;)Lorg/gradle/api/internal/SettingsInternal;+16
j  org.gradle.initialization.DefaultSettingsLoader.findAndLoadSettings(Lorg/gradle/api/internal/GradleInternal;)Lorg/gradle/api/internal/SettingsInternal;+16
j  org.gradle.initialization.SettingsAttachingSettingsLoader.findAndLoadSettings(Lorg/gradle/api/internal/GradleInternal;)Lorg/gradle/api/internal/SettingsInternal;+5
j  org.gradle.internal.composite.CommandLineIncludedBuildSettingsLoader.findAndLoadSettings(Lorg/gradle/api/internal/GradleInternal;)Lorg/gradle/api/internal/SettingsInternal;+5
j  org.gradle.internal.composite.ChildBuildRegisteringSettingsLoader.findAndLoadSettings(Lorg/gradle/api/internal/GradleInternal;)Lorg/gradle/api/internal/SettingsInternal;+5
j  org.gradle.internal.composite.CompositeBuildSettingsLoader.findAndLoadSettings(Lorg/gradle/api/internal/GradleInternal;)Lorg/gradle/api/internal/SettingsInternal;+5
j  org.gradle.initialization.DefaultSettingsPreparer.prepareSettings(Lorg/gradle/api/internal/GradleInternal;)V+41
j  org.gradle.initialization.BuildOperatingFiringSettingsPreparer$LoadBuild.doLoadBuild()V+11
j  org.gradle.initialization.BuildOperatingFiringSettingsPreparer$LoadBuild.run(Lorg/gradle/internal/operations/BuildOperationContext;)V+1
j  org.gradle.internal.operations.DefaultBuildOperationExecutor$RunnableBuildOperationWorker.execute(Lorg/gradle/internal/operations/RunnableBuildOperation;Lorg/gradle/internal/operations/BuildOperationContext;)V+2
j  org.gradle.internal.operations.DefaultBuildOperationExecutor$RunnableBuildOperationWorker.execute(Lorg/gradle/internal/operations/BuildOperation;Lorg/gradle/internal/operations/BuildOperationContext;)V+6
j  org.gradle.internal.operations.DefaultBuildOperationExecutor$1.execute(Lorg/gradle/internal/operations/BuildOperationDescriptor;Lorg/gradle/internal/operations/DefaultBuildOperationExecutor$DefaultBuildOperationContext;Lorg/gradle/internal/operations/DefaultBuildOperationExecutor$BuildOperationExecutionListener;)Lorg/gradle/internal/operations/BuildOperation;+18
j  org.gradle.internal.operations.DefaultBuildOperationExecutor.execute(Lorg/gradle/internal/operations/BuildOperationDescriptor$Builder;Lorg/gradle/internal/operations/DefaultBuildOperationExecutor$BuildOperationState;Lorg/gradle/internal/operations/DefaultBuildOperationExecutor$BuildOperationExecution;)Lorg/gradle/internal/operations/BuildOperation;+105
j  org.gradle.internal.operations.DefaultBuildOperationExecutor.execute(Lorg/gradle/internal/operations/BuildOperation;Lorg/gradle/internal/operations/BuildOperationWorker;Lorg/gradle/internal/operations/DefaultBuildOperationExecutor$BuildOperationState;)V+22
j  org.gradle.internal.operations.DefaultBuildOperationExecutor.run(Lorg/gradle/internal/operations/RunnableBuildOperation;)V+10
j  org.gradle.internal.operations.DelegatingBuildOperationExecutor.run(Lorg/gradle/internal/operations/RunnableBuildOperation;)V+5
j  org.gradle.initialization.BuildOperatingFiringSettingsPreparer.prepareSettings(Lorg/gradle/api/internal/GradleInternal;)V+13
j  org.gradle.initialization.DefaultGradleLauncher.prepareSettings()V+28
j  org.gradle.initialization.DefaultGradleLauncher.doClassicBuildStages(Lorg/gradle/initialization/DefaultGradleLauncher$Stage;)V+17
j  org.gradle.initialization.DefaultGradleLauncher.doBuildStages(Lorg/gradle/initialization/DefaultGradleLauncher$Stage;)V+45
j  org.gradle.initialization.DefaultGradleLauncher.executeTasks()Lorg/gradle/api/internal/GradleInternal;+4
j  org.gradle.internal.invocation.GradleBuildController$1.execute(Lorg/gradle/initialization/GradleLauncher;)V+1
j  org.gradle.internal.invocation.GradleBuildController$1.execute(Ljava/lang/Object;)V+5
j  org.gradle.internal.invocation.GradleBuildController$3.create()Lorg/gradle/api/internal/GradleInternal;+31
j  org.gradle.internal.invocation.GradleBuildController$3.create()Ljava/lang/Object;+1
j  org.gradle.internal.work.DefaultWorkerLeaseService.withLocks(Ljava/lang/Iterable;Lorg/gradle/internal/Factory;)Ljava/lang/Object;+26
j  org.gradle.internal.work.StopShieldingWorkerLeaseService.withLocks(Ljava/lang/Iterable;Lorg/gradle/internal/Factory;)Ljava/lang/Object;+6
j  org.gradle.internal.invocation.GradleBuildController.doBuild(Lorg/gradle/api/internal/GradleInternal$BuildType;Lorg/gradle/api/Action;)Lorg/gradle/api/internal/GradleInternal;+26
j  org.gradle.internal.invocation.GradleBuildController.run()Lorg/gradle/api/internal/GradleInternal;+12
j  org.gradle.tooling.internal.provider.runner.ClientProvidedBuildActionRunner.run(Lorg/gradle/internal/invocation/BuildAction;Lorg/gradle/internal/invocation/BuildController;)Lorg/gradle/internal/invocation/BuildActionRunner$Result;+89
j  org.gradle.launcher.exec.ChainingBuildActionRunner.run(Lorg/gradle/internal/invocation/BuildAction;Lorg/gradle/internal/invocation/BuildController;)Lorg/gradle/internal/invocation/BuildActionRunner$Result;+34
j  org.gradle.launcher.exec.ChainingBuildActionRunner.run(Lorg/gradle/internal/invocation/BuildAction;Lorg/gradle/internal/invocation/BuildController;)Lorg/gradle/internal/invocation/BuildActionRunner$Result;+34
j  org.gradle.launcher.exec.BuildOutcomeReportingBuildActionRunner.run(Lorg/gradle/internal/invocation/BuildAction;Lorg/gradle/internal/invocation/BuildController;)Lorg/gradle/internal/invocation/BuildActionRunner$Result;+143
j  org.gradle.tooling.internal.provider.ValidatingBuildActionRunner.run(Lorg/gradle/internal/invocation/BuildAction;Lorg/gradle/internal/invocation/BuildController;)Lorg/gradle/internal/invocation/BuildActionRunner$Result;+6
j  org.gradle.launcher.exec.BuildCompletionNotifyingBuildActionRunner.run(Lorg/gradle/internal/invocation/BuildAction;Lorg/gradle/internal/invocation/BuildController;)Lorg/gradle/internal/invocation/BuildActionRunner$Result;+28
j  org.gradle.launcher.exec.RunAsBuildOperationBuildActionRunner$3.call(Lorg/gradle/internal/operations/BuildOperationContext;)Lorg/gradle/internal/invocation/BuildActionRunner$Result;+95
j  org.gradle.launcher.exec.RunAsBuildOperationBuildActionRunner$3.call(Lorg/gradle/internal/operations/BuildOperationContext;)Ljava/lang/Object;+2
j  org.gradle.internal.operations.DefaultBuildOperationExecutor$CallableBuildOperationWorker.execute(Lorg/gradle/internal/operations/CallableBuildOperation;Lorg/gradle/internal/operations/BuildOperationContext;)V+3
j  org.gradle.internal.operations.DefaultBuildOperationExecutor$CallableBuildOperationWorker.execute(Lorg/gradle/internal/operations/BuildOperation;Lorg/gradle/internal/operations/BuildOperationContext;)V+6
j  org.gradle.internal.operations.DefaultBuildOperationExecutor$1.execute(Lorg/gradle/internal/operations/BuildOperationDescriptor;Lorg/gradle/internal/operations/DefaultBuildOperationExecutor$DefaultBuildOperationContext;Lorg/gradle/internal/operations/DefaultBuildOperationExecutor$BuildOperationExecutionListener;)Lorg/gradle/internal/operations/BuildOperation;+18
j  org.gradle.internal.operations.DefaultBuildOperationExecutor.execute(Lorg/gradle/internal/operations/BuildOperationDescriptor$Builder;Lorg/gradle/internal/operations/DefaultBuildOperationExecutor$BuildOperationState;Lorg/gradle/internal/operations/DefaultBuildOperationExecutor$BuildOperationExecution;)Lorg/gradle/internal/operations/BuildOperation;+105
j  org.gradle.internal.operations.DefaultBuildOperationExecutor.execute(Lorg/gradle/internal/operations/BuildOperation;Lorg/gradle/internal/operations/BuildOperationWorker;Lorg/gradle/internal/operations/DefaultBuildOperationExecutor$BuildOperationState;)V+22
j  org.gradle.internal.operations.DefaultBuildOperationExecutor.call(Lorg/gradle/internal/operations/CallableBuildOperation;)Ljava/lang/Object;+16
j  org.gradle.internal.operations.DelegatingBuildOperationExecutor.call(Lorg/gradle/internal/operations/CallableBuildOperation;)Ljava/lang/Object;+5
j  org.gradle.launcher.exec.RunAsBuildOperationBuildActionRunner.run(Lorg/gradle/internal/invocation/BuildAction;Lorg/gradle/internal/invocation/BuildController;)Lorg/gradle/internal/invocation/BuildActionRunner$Result;+33
j  org.gradle.launcher.exec.InProcessBuildActionExecuter$1.transform(Lorg/gradle/internal/invocation/BuildController;)Lorg/gradle/launcher/exec/BuildActionResult;+12
j  org.gradle.launcher.exec.InProcessBuildActionExecuter$1.transform(Ljava/lang/Object;)Ljava/lang/Object;+5
j  org.gradle.composite.internal.DefaultRootBuildState.run(Lorg/gradle/api/Transformer;)Ljava/lang/Object;+43
j  org.gradle.launcher.exec.InProcessBuildActionExecuter.execute(Lorg/gradle/internal/invocation/BuildAction;Lorg/gradle/initialization/BuildRequestContext;Lorg/gradle/launcher/exec/BuildActionParameters;Lorg/gradle/internal/service/ServiceRegistry;)Lorg/gradle/launcher/exec/BuildActionResult;+82
j  org.gradle.launcher.exec.InProcessBuildActionExecuter.execute(Lorg/gradle/internal/invocation/BuildAction;Lorg/gradle/initialization/BuildRequestContext;Ljava/lang/Object;Lorg/gradle/internal/service/ServiceRegistry;)Lorg/gradle/launcher/exec/BuildActionResult;+9
j  org.gradle.launcher.exec.BuildTreeScopeBuildActionExecuter.execute(Lorg/gradle/internal/invocation/BuildAction;Lorg/gradle/initialization/BuildRequestContext;Lorg/gradle/launcher/exec/BuildActionParameters;Lorg/gradle/internal/service/ServiceRegistry;)Lorg/gradle/launcher/exec/BuildActionResult;+38
j  org.gradle.launcher.exec.BuildTreeScopeBuildActionExecuter.execute(Lorg/gradle/internal/invocation/BuildAction;Lorg/gradle/initialization/BuildRequestContext;Ljava/lang/Object;Lorg/gradle/internal/service/ServiceRegistry;)Lorg/gradle/launcher/exec/BuildActionResult;+9
j  org.gradle.tooling.internal.provider.ContinuousBuildActionExecuter.execute(Lorg/gradle/internal/invocation/BuildAction;Lorg/gradle/initialization/BuildRequestContext;Lorg/gradle/launcher/exec/BuildActionParameters;Lorg/gradle/internal/service/ServiceRegistry;)Lorg/gradle/launcher/exec/BuildActionResult;+58
j  org.gradle.tooling.internal.provider.ContinuousBuildActionExecuter.execute(Lorg/gradle/internal/invocation/BuildAction;Lorg/gradle/initialization/BuildRequestContext;Ljava/lang/Object;Lorg/gradle/internal/service/ServiceRegistry;)Lorg/gradle/launcher/exec/BuildActionResult;+9
j  org.gradle.tooling.internal.provider.SubscribableBuildActionExecuter.execute(Lorg/gradle/internal/invocation/BuildAction;Lorg/gradle/initialization/BuildRequestContext;Lorg/gradle/launcher/exec/BuildActionParameters;Lorg/gradle/internal/service/ServiceRegistry;)Lorg/gradle/launcher/exec/BuildActionResult;+41
j  org.gradle.tooling.internal.provider.SubscribableBuildActionExecuter.execute(Lorg/gradle/internal/invocation/BuildAction;Lorg/gradle/initialization/BuildRequestContext;Ljava/lang/Object;Lorg/gradle/internal/service/ServiceRegistry;)Lorg/gradle/launcher/exec/BuildActionResult;+9
j  org.gradle.tooling.internal.provider.SessionScopeBuildActionExecuter.execute(Lorg/gradle/internal/invocation/BuildAction;Lorg/gradle/initialization/BuildRequestContext;Lorg/gradle/launcher/exec/BuildActionParameters;Lorg/gradle/internal/service/ServiceRegistry;)Lorg/gradle/launcher/exec/BuildActionResult;+117
j  org.gradle.tooling.internal.provider.SessionScopeBuildActionExecuter.execute(Lorg/gradle/internal/invocation/BuildAction;Lorg/gradle/initialization/BuildRequestContext;Ljava/lang/Object;Lorg/gradle/internal/service/ServiceRegistry;)Lorg/gradle/launcher/exec/BuildActionResult;+9
j  org.gradle.tooling.internal.provider.GradleThreadBuildActionExecuter.execute(Lorg/gradle/internal/invocation/BuildAction;Lorg/gradle/initialization/BuildRequestContext;Lorg/gradle/launcher/exec/BuildActionParameters;Lorg/gradle/internal/service/ServiceRegistry;)Lorg/gradle/launcher/exec/BuildActionResult;+12
j  org.gradle.tooling.internal.provider.GradleThreadBuildActionExecuter.execute(Lorg/gradle/internal/invocation/BuildAction;Lorg/gradle/initialization/BuildRequestContext;Ljava/lang/Object;Lorg/gradle/internal/service/ServiceRegistry;)Lorg/gradle/launcher/exec/BuildActionResult;+9
j  org.gradle.tooling.internal.provider.ParallelismConfigurationBuildActionExecuter.execute(Lorg/gradle/internal/invocation/BuildAction;Lorg/gradle/initialization/BuildRequestContext;Lorg/gradle/launcher/exec/BuildActionParameters;Lorg/gradle/internal/service/ServiceRegistry;)Lorg/gradle/launcher/exec/BuildActionResult;+43
j  org.gradle.tooling.internal.provider.ParallelismConfigurationBuildActionExecuter.execute(Lorg/gradle/internal/invocation/BuildAction;Lorg/gradle/initialization/BuildRequestContext;Ljava/lang/Object;Lorg/gradle/internal/service/ServiceRegistry;)Lorg/gradle/launcher/exec/BuildActionResult;+9
j  org.gradle.tooling.internal.provider.StartParamsValidatingActionExecuter.execute(Lorg/gradle/internal/invocation/BuildAction;Lorg/gradle/initialization/BuildRequestContext;Lorg/gradle/launcher/exec/BuildActionParameters;Lorg/gradle/internal/service/ServiceRegistry;)Lorg/gradle/launcher/exec/BuildActionResult;+177
j  org.gradle.tooling.internal.provider.StartParamsValidatingActionExecuter.execute(Lorg/gradle/internal/invocation/BuildAction;Lorg/gradle/initialization/BuildRequestContext;Ljava/lang/Object;Lorg/gradle/internal/service/ServiceRegistry;)Lorg/gradle/launcher/exec/BuildActionResult;+9
j  org.gradle.tooling.internal.provider.SessionFailureReportingActionExecuter.execute(Lorg/gradle/internal/invocation/BuildAction;Lorg/gradle/initialization/BuildRequestContext;Lorg/gradle/launcher/exec/BuildActionParameters;Lorg/gradle/internal/service/ServiceRegistry;)Lorg/gradle/launcher/exec/BuildActionResult;+9
j  org.gradle.tooling.internal.provider.SessionFailureReportingActionExecuter.execute(Lorg/gradle/internal/invocation/BuildAction;Lorg/gradle/initialization/BuildRequestContext;Ljava/lang/Object;Lorg/gradle/internal/service/ServiceRegistry;)Lorg/gradle/launcher/exec/BuildActionResult;+9
j  org.gradle.tooling.internal.provider.SetupLoggingActionExecuter.execute(Lorg/gradle/internal/invocation/BuildAction;Lorg/gradle/initialization/BuildRequestContext;Lorg/gradle/launcher/exec/BuildActionParameters;Lorg/gradle/internal/service/ServiceRegistry;)Lorg/gradle/launcher/exec/BuildActionResult;+52
j  org.gradle.tooling.internal.provider.SetupLoggingActionExecuter.execute(Lorg/gradle/internal/invocation/BuildAction;Lorg/gradle/initialization/BuildRequestContext;Ljava/lang/Object;Lorg/gradle/internal/service/ServiceRegistry;)Lorg/gradle/launcher/exec/BuildActionResult;+9
j  org.gradle.launcher.daemon.server.exec.ExecuteBuild.doBuild(Lorg/gradle/launcher/daemon/server/api/DaemonCommandExecution;Lorg/gradle/launcher/daemon/protocol/Build;)V+118
j  org.gradle.launcher.daemon.server.exec.BuildCommandOnly.execute(Lorg/gradle/launcher/daemon/server/api/DaemonCommandExecution;)V+49
j  org.gradle.launcher.daemon.server.api.DaemonCommandExecution.proceed()Z+23
j  org.gradle.launcher.daemon.server.exec.WatchForDisconnection.execute(Lorg/gradle/launcher/daemon/server/api/DaemonCommandExecution;)V+19
j  org.gradle.launcher.daemon.server.api.DaemonCommandExecution.proceed()Z+23
j  org.gradle.launcher.daemon.server.exec.ResetDeprecationLogger.execute(Lorg/gradle/launcher/daemon/server/api/DaemonCommandExecution;)V+4
j  org.gradle.launcher.daemon.server.api.DaemonCommandExecution.proceed()Z+23
j  org.gradle.launcher.daemon.server.exec.RequestStopIfSingleUsedDaemon.execute(Lorg/gradle/launcher/daemon/server/api/DaemonCommandExecution;)V+33
j  org.gradle.launcher.daemon.server.api.DaemonCommandExecution.proceed()Z+23
j  org.gradle.launcher.daemon.server.exec.ForwardClientInput$2.create()Ljava/lang/Void;+4
j  org.gradle.launcher.daemon.server.exec.ForwardClientInput$2.create()Ljava/lang/Object;+1
j  org.gradle.util.Swapper.swap(Ljava/lang/Object;Lorg/gradle/internal/Factory;)Ljava/lang/Object;+21
j  org.gradle.launcher.daemon.server.exec.ForwardClientInput.execute(Lorg/gradle/launcher/daemon/server/api/DaemonCommandExecution;)V+63
j  org.gradle.launcher.daemon.server.api.DaemonCommandExecution.proceed()Z+23
j  org.gradle.launcher.daemon.server.exec.LogAndCheckHealth.execute(Lorg/gradle/launcher/daemon/server/api/DaemonCommandExecution;)V+28
j  org.gradle.launcher.daemon.server.api.DaemonCommandExecution.proceed()Z+23
j  org.gradle.launcher.daemon.server.exec.LogToClient.doBuild(Lorg/gradle/launcher/daemon/server/api/DaemonCommandExecution;Lorg/gradle/launcher/daemon/protocol/Build;)V+87
j  org.gradle.launcher.daemon.server.exec.BuildCommandOnly.execute(Lorg/gradle/launcher/daemon/server/api/DaemonCommandExecution;)V+49
j  org.gradle.launcher.daemon.server.api.DaemonCommandExecution.proceed()Z+23
j  org.gradle.launcher.daemon.server.exec.EstablishBuildEnvironment.doBuild(Lorg/gradle/launcher/daemon/server/api/DaemonCommandExecution;Lorg/gradle/launcher/daemon/protocol/Build;)V+351
j  org.gradle.launcher.daemon.server.exec.BuildCommandOnly.execute(Lorg/gradle/launcher/daemon/server/api/DaemonCommandExecution;)V+49
j  org.gradle.launcher.daemon.server.api.DaemonCommandExecution.proceed()Z+23
j  org.gradle.launcher.daemon.server.exec.StartBuildOrRespondWithBusy$1.run()V+44
j  org.gradle.launcher.daemon.server.DaemonStateCoordinator$1.run()V+4
j  org.gradle.internal.concurrent.ExecutorPolicy$CatchAndRecordFailures.onExecute(Ljava/lang/Runnable;)V+1
j  org.gradle.internal.concurrent.ManagedExecutorImpl$1.run()V+25
j  java.util.concurrent.ThreadPoolExecutor.runWorker(Ljava/util/concurrent/ThreadPoolExecutor$Worker;)V+95
j  java.util.concurrent.ThreadPoolExecutor$Worker.run()V+5
j  org.gradle.internal.concurrent.ThreadFactoryImpl$ManagedThreadRunnable.run()V+7
j  java.lang.Thread.run()V+11
v  ~StubRoutines::call_stub

---------------  P R O C E S S  ---------------

Java Threads: ( => current thread )
  0x000000001af9a800 JavaThread "Cache worker for execution history cache (C:\Users\Mumen\.gradle\caches\6.1.1\executionHistory)" [_thread_blocked, id=9328, stack(0x000000001fdb0000,0x000000001feb0000)]
  0x000000001af99000 JavaThread "Cache worker for cache directory md-rule (C:\Users\Mumen\.gradle\caches\6.1.1\md-rule)" [_thread_blocked, id=8456, stack(0x000000001fcb0000,0x000000001fdb0000)]
  0x000000001af95800 JavaThread "Cache worker for cache directory md-supplier (C:\Users\Mumen\.gradle\caches\6.1.1\md-supplier)" [_thread_blocked, id=12388, stack(0x000000001fbb0000,0x000000001fcb0000)]
  0x000000001af96000 JavaThread "Cache worker for file hash cache (C:\projects\Minted\.gradle\6.1.1\fileHashes)" [_thread_blocked, id=10776, stack(0x000000001e440000,0x000000001e540000)]
  0x000000001af97000 JavaThread "Cache worker for checksums cache (C:\projects\Minted\.gradle\checksums)" [_thread_blocked, id=12236, stack(0x000000001d230000,0x000000001d330000)]
  0x000000001af9c000 JavaThread "Cache worker for file hash cache (C:\Users\Mumen\.gradle\caches\6.1.1\fileHashes)" [_thread_blocked, id=10328, stack(0x000000001d370000,0x000000001d470000)]
  0x000000001af9b800 JavaThread "File lock request listener" [_thread_in_native, id=13240, stack(0x000000001d130000,0x000000001d230000)]
  0x000000001af98800 JavaThread "Cache worker for journal cache (C:\Users\Mumen\.gradle\caches\journal-1)" [_thread_blocked, id=8820, stack(0x000000001d030000,0x000000001d130000)]
  0x000000001ae61800 JavaThread "Thread-9" [_thread_blocked, id=13428, stack(0x000000001cd30000,0x000000001ce30000)]
  0x000000001ae61000 JavaThread "Stdin handler" [_thread_blocked, id=11772, stack(0x000000001cc30000,0x000000001cd30000)]
  0x000000001ae5e000 JavaThread "Asynchronous log dispatcher for DefaultDaemonConnection: socket connection from /127.0.0.1:54642 to /127.0.0.1:54643" [_thread_blocked, id=3964, stack(0x000000001cb30000,0x000000001cc30000)]
=>0x000000001ae60000 JavaThread "Daemon worker" [_thread_in_vm, id=12596, stack(0x000000001ca30000,0x000000001cb30000)]
  0x000000001ae5f800 JavaThread "Cancel handler" [_thread_blocked, id=12852, stack(0x000000001c930000,0x000000001ca30000)]
  0x000000001ae62800 JavaThread "Handler for socket connection from /127.0.0.1:54642 to /127.0.0.1:54643" [_thread_in_native, id=13632, stack(0x000000001c630000,0x000000001c730000)]
  0x000000001ae5b800 JavaThread "Daemon" [_thread_blocked, id=12364, stack(0x000000001c530000,0x000000001c630000)]
  0x000000001ae5e800 JavaThread "Daemon periodic checks" [_thread_blocked, id=12556, stack(0x000000001c430000,0x000000001c530000)]
  0x000000001ae5d000 JavaThread "Incoming local TCP Connector on port 54642" [_thread_in_native, id=11008, stack(0x00000000194b0000,0x00000000195b0000)]
  0x000000001ae5c800 JavaThread "Daemon health stats" [_thread_blocked, id=8240, stack(0x00000000193b0000,0x00000000194b0000)]
  0x0000000018bb5800 JavaThread "Service Thread" daemon [_thread_blocked, id=5768, stack(0x00000000191b0000,0x00000000192b0000)]
  0x0000000018bb2800 JavaThread "C1 CompilerThread2" daemon [_thread_blocked, id=4820, stack(0x00000000190b0000,0x00000000191b0000)]
  0x00000000174bd000 JavaThread "C2 CompilerThread1" daemon [_thread_in_native, id=4920, stack(0x0000000018fb0000,0x00000000190b0000)]
  0x0000000017463800 JavaThread "C2 CompilerThread0" daemon [_thread_blocked, id=3088, stack(0x0000000018ab0000,0x0000000018bb0000)]
  0x0000000017467000 JavaThread "Attach Listener" daemon [_thread_blocked, id=7652, stack(0x00000000189b0000,0x0000000018ab0000)]
  0x0000000017465800 JavaThread "Signal Dispatcher" daemon [_thread_blocked, id=7296, stack(0x00000000188b0000,0x00000000189b0000)]
  0x000000000283c000 JavaThread "Finalizer" daemon [_thread_blocked, id=13492, stack(0x00000000186b0000,0x00000000187b0000)]
  0x0000000017449000 JavaThread "Reference Handler" daemon [_thread_blocked, id=9004, stack(0x00000000185b0000,0x00000000186b0000)]
  0x000000000253d800 JavaThread "main" [_thread_blocked, id=8568, stack(0x0000000002540000,0x0000000002640000)]

Other Threads:
  0x0000000017426000 VMThread [stack: 0x00000000184b0000,0x00000000185b0000] [id=11784]
  0x0000000018bb6800 WatcherThread [stack: 0x00000000192b0000,0x00000000193b0000] [id=14316]

VM state:not at safepoint (normal execution)

VM Mutex/Monitor currently owned by a thread: None

heap address: 0x0000000080000000, size: 2048 MB, Compressed Oops mode: 32-bit
Narrow klass base: 0x0000000000000000, Narrow klass shift: 3
Compressed class space size: 1073741824 Address: 0x0000000100000000

Heap:
 PSYoungGen      total 75776K, used 30819K [0x00000000d5580000, 0x00000000dac80000, 0x0000000100000000)
  eden space 65536K, 47% used [0x00000000d5580000,0x00000000d7398e60,0x00000000d9580000)
  from space 10240K, 0% used [0x00000000da080000,0x00000000da080000,0x00000000daa80000)
  to   space 11264K, 0% used [0x00000000d9580000,0x00000000d9580000,0x00000000da080000)
 ParOldGen       total 60928K, used 8984K [0x0000000080000000, 0x0000000083b80000, 0x00000000d5580000)
  object space 60928K, 14% used [0x0000000080000000,0x00000000808c6158,0x0000000083b80000)
 Metaspace       used 22483K, capacity 23120K, committed 23344K, reserved 1069056K
  class space    used 3177K, capacity 3374K, committed 3376K, reserved 1048576K

Card table byte_map: [0x0000000011c00000,0x0000000012010000] byte_map_base: 0x0000000011800000

Marking Bits: (ParMarkBitMap*) 0x00000000619ff030
 Begin Bits: [0x00000000126c0000, 0x00000000146c0000)
 End Bits:   [0x00000000146c0000, 0x00000000166c0000)

Polling page: 0x0000000000a60000

CodeCache: size=245760Kb used=6881Kb max_used=6881Kb free=238878Kb
 bounds [0x0000000002840000, 0x0000000002f00000, 0x0000000011840000]
 total_blobs=2390 nmethods=1963 adapters=340
 compilation: enabled

Compilation events (10 events):
Event: 11.796 Thread 0x0000000018bb2800 nmethod 1995 0x0000000002eed590 code [0x0000000002eed700, 0x0000000002eeda30]
Event: 11.807 Thread 0x0000000018bb2800 1996       3       com.google.common.base.Preconditions::checkArgument (28 bytes)
Event: 11.807 Thread 0x0000000018bb2800 nmethod 1996 0x0000000002eeca50 code [0x0000000002eecc00, 0x0000000002eed218]
Event: 11.807 Thread 0x0000000018bb2800 1997       3       com.google.common.io.BaseEncoding$Alphabet::encode (7 bytes)
Event: 11.807 Thread 0x0000000018bb2800 nmethod 1997 0x0000000002efa890 code [0x0000000002efa9e0, 0x0000000002efab70]
Event: 11.829 Thread 0x0000000018bb2800 1998   !   3       java.util.concurrent.locks.AbstractQueuedSynchronizer::acquireQueued (93 bytes)
Event: 11.831 Thread 0x0000000018bb2800 nmethod 1998 0x0000000002efac50 code [0x0000000002efae80, 0x0000000002efb998]
Event: 11.840 Thread 0x0000000018bb2800 1999       3       java.util.concurrent.locks.AbstractQueuedSynchronizer$ConditionObject::unlinkCancelledWaiters (67 bytes)
Event: 11.841 Thread 0x0000000018bb2800 nmethod 1999 0x0000000002efc010 code [0x0000000002efc180, 0x0000000002efc4d0]
Event: 11.866 Thread 0x00000000174bd000 2000   !   4       java.net.URL::<init> (543 bytes)

GC Heap History (10 events):
Event: 6.729 GC heap before
{Heap before GC invocations=3 (full 0):
 PSYoungGen      total 38400K, used 36561K [0x00000000d5580000, 0x00000000da080000, 0x0000000100000000)
  eden space 33280K, 100% used [0x00000000d5580000,0x00000000d7600000,0x00000000d7600000)
  from space 5120K, 64% used [0x00000000d7b00000,0x00000000d7e34588,0x00000000d8000000)
  to   space 5120K, 0% used [0x00000000d7600000,0x00000000d7600000,0x00000000d7b00000)
 ParOldGen       total 87552K, used 16K [0x0000000080000000, 0x0000000085580000, 0x00000000d5580000)
  object space 87552K, 0% used [0x0000000080000000,0x0000000080004000,0x0000000085580000)
 Metaspace       used 12236K, capacity 12580K, committed 12800K, reserved 1060864K
  class space    used 1632K, capacity 1762K, committed 1792K, reserved 1048576K
Event: 6.741 GC heap after
Heap after GC invocations=3 (full 0):
 PSYoungGen      total 38400K, used 5088K [0x00000000d5580000, 0x00000000d8000000, 0x0000000100000000)
  eden space 33280K, 0% used [0x00000000d5580000,0x00000000d5580000,0x00000000d7600000)
  from space 5120K, 99% used [0x00000000d7600000,0x00000000d7af8020,0x00000000d7b00000)
  to   space 5120K, 0% used [0x00000000d7b00000,0x00000000d7b00000,0x00000000d8000000)
 ParOldGen       total 87552K, used 1287K [0x0000000080000000, 0x0000000085580000, 0x00000000d5580000)
  object space 87552K, 1% used [0x0000000080000000,0x0000000080141e88,0x0000000085580000)
 Metaspace       used 12236K, capacity 12580K, committed 12800K, reserved 1060864K
  class space    used 1632K, capacity 1762K, committed 1792K, reserved 1048576K
}
Event: 7.776 GC heap before
{Heap before GC invocations=4 (full 0):
 PSYoungGen      total 38400K, used 38368K [0x00000000d5580000, 0x00000000d8000000, 0x0000000100000000)
  eden space 33280K, 100% used [0x00000000d5580000,0x00000000d7600000,0x00000000d7600000)
  from space 5120K, 99% used [0x00000000d7600000,0x00000000d7af8020,0x00000000d7b00000)
  to   space 5120K, 0% used [0x00000000d7b00000,0x00000000d7b00000,0x00000000d8000000)
 ParOldGen       total 87552K, used 1287K [0x0000000080000000, 0x0000000085580000, 0x00000000d5580000)
  object space 87552K, 1% used [0x0000000080000000,0x0000000080141e88,0x0000000085580000)
 Metaspace       used 15438K, capacity 15822K, committed 16128K, reserved 1062912K
  class space    used 2060K, capacity 2219K, committed 2304K, reserved 1048576K
Event: 7.806 GC heap after
Heap after GC invocations=4 (full 0):
 PSYoungGen      total 38400K, used 5104K [0x00000000d5580000, 0x00000000da080000, 0x0000000100000000)
  eden space 33280K, 0% used [0x00000000d5580000,0x00000000d5580000,0x00000000d7600000)
  from space 5120K, 99% used [0x00000000d7b00000,0x00000000d7ffc030,0x00000000d8000000)
  to   space 5120K, 0% used [0x00000000d7600000,0x00000000d7600000,0x00000000d7b00000)
 ParOldGen       total 87552K, used 3850K [0x0000000080000000, 0x0000000085580000, 0x00000000d5580000)
  object space 87552K, 4% used [0x0000000080000000,0x00000000803c2ab8,0x0000000085580000)
 Metaspace       used 15438K, capacity 15822K, committed 16128K, reserved 1062912K
  class space    used 2060K, capacity 2219K, committed 2304K, reserved 1048576K
}
Event: 9.363 GC heap before
{Heap before GC invocations=5 (full 0):
 PSYoungGen      total 38400K, used 38384K [0x00000000d5580000, 0x00000000da080000, 0x0000000100000000)
  eden space 33280K, 100% used [0x00000000d5580000,0x00000000d7600000,0x00000000d7600000)
  from space 5120K, 99% used [0x00000000d7b00000,0x00000000d7ffc030,0x00000000d8000000)
  to   space 5120K, 0% used [0x00000000d7600000,0x00000000d7600000,0x00000000d7b00000)
 ParOldGen       total 87552K, used 3850K [0x0000000080000000, 0x0000000085580000, 0x00000000d5580000)
  object space 87552K, 4% used [0x0000000080000000,0x00000000803c2ab8,0x0000000085580000)
 Metaspace       used 18157K, capacity 18714K, committed 18816K, reserved 1064960K
  class space    used 2487K, capacity 2667K, committed 2688K, reserved 1048576K
Event: 9.389 GC heap after
Heap after GC invocations=5 (full 0):
 PSYoungGen      total 38400K, used 5104K [0x00000000d5580000, 0x00000000daa80000, 0x0000000100000000)
  eden space 33280K, 0% used [0x00000000d5580000,0x00000000d5580000,0x00000000d7600000)
  from space 5120K, 99% used [0x00000000d7600000,0x00000000d7afc030,0x00000000d7b00000)
  to   space 10240K, 0% used [0x00000000da080000,0x00000000da080000,0x00000000daa80000)
 ParOldGen       total 87552K, used 7024K [0x0000000080000000, 0x0000000085580000, 0x00000000d5580000)
  object space 87552K, 8% used [0x0000000080000000,0x00000000806dc078,0x0000000085580000)
 Metaspace       used 18157K, capacity 18714K, committed 18816K, reserved 1064960K
  class space    used 2487K, capacity 2667K, committed 2688K, reserved 1048576K
}
Event: 10.796 GC heap before
{Heap before GC invocations=6 (full 0):
 PSYoungGen      total 38400K, used 37748K [0x00000000d5580000, 0x00000000daa80000, 0x0000000100000000)
  eden space 33280K, 98% used [0x00000000d5580000,0x00000000d7561330,0x00000000d7600000)
  from space 5120K, 99% used [0x00000000d7600000,0x00000000d7afc030,0x00000000d7b00000)
  to   space 10240K, 0% used [0x00000000da080000,0x00000000da080000,0x00000000daa80000)
 ParOldGen       total 87552K, used 7024K [0x0000000080000000, 0x0000000085580000, 0x00000000d5580000)
  object space 87552K, 8% used [0x0000000080000000,0x00000000806dc078,0x0000000085580000)
 Metaspace       used 20647K, capacity 21224K, committed 21296K, reserved 1067008K
  class space    used 2886K, capacity 3084K, committed 3120K, reserved 1048576K
Event: 10.831 GC heap after
Heap after GC invocations=6 (full 0):
 PSYoungGen      total 75776K, used 8410K [0x00000000d5580000, 0x00000000dac80000, 0x0000000100000000)
  eden space 65536K, 0% used [0x00000000d5580000,0x00000000d5580000,0x00000000d9580000)
  from space 10240K, 82% used [0x00000000da080000,0x00000000da8b6930,0x00000000daa80000)
  to   space 11264K, 0% used [0x00000000d9580000,0x00000000d9580000,0x00000000da080000)
 ParOldGen       total 87552K, used 7032K [0x0000000080000000, 0x0000000085580000, 0x00000000d5580000)
  object space 87552K, 8% used [0x0000000080000000,0x00000000806de078,0x0000000085580000)
 Metaspace       used 20647K, capacity 21224K, committed 21296K, reserved 1067008K
  class space    used 2886K, capacity 3084K, committed 3120K, reserved 1048576K
}
Event: 10.831 GC heap before
{Heap before GC invocations=7 (full 1):
 PSYoungGen      total 75776K, used 8410K [0x00000000d5580000, 0x00000000dac80000, 0x0000000100000000)
  eden space 65536K, 0% used [0x00000000d5580000,0x00000000d5580000,0x00000000d9580000)
  from space 10240K, 82% used [0x00000000da080000,0x00000000da8b6930,0x00000000daa80000)
  to   space 11264K, 0% used [0x00000000d9580000,0x00000000d9580000,0x00000000da080000)
 ParOldGen       total 87552K, used 7032K [0x0000000080000000, 0x0000000085580000, 0x00000000d5580000)
  object space 87552K, 8% used [0x0000000080000000,0x00000000806de078,0x0000000085580000)
 Metaspace       used 20647K, capacity 21224K, committed 21296K, reserved 1067008K
  class space    used 2886K, capacity 3084K, committed 3120K, reserved 1048576K
Event: 10.961 GC heap after
Heap after GC invocations=7 (full 1):
 PSYoungGen      total 75776K, used 0K [0x00000000d5580000, 0x00000000dac80000, 0x0000000100000000)
  eden space 65536K, 0% used [0x00000000d5580000,0x00000000d5580000,0x00000000d9580000)
  from space 10240K, 0% used [0x00000000da080000,0x00000000da080000,0x00000000daa80000)
  to   space 11264K, 0% used [0x00000000d9580000,0x00000000d9580000,0x00000000da080000)
 ParOldGen       total 60928K, used 8984K [0x0000000080000000, 0x0000000083b80000, 0x00000000d5580000)
  object space 60928K, 14% used [0x0000000080000000,0x00000000808c6158,0x0000000083b80000)
 Metaspace       used 20647K, capacity 21224K, committed 21296K, reserved 1067008K
  class space    used 2886K, capacity 3084K, committed 3120K, reserved 1048576K
}

Deoptimization events (10 events):
Event: 10.342 Thread 0x000000001ae60000 Uncommon trap: reason=bimorphic action=maybe_recompile pc=0x0000000002d615c4 method=java.lang.ClassLoader.loadClass(Ljava/lang/String;Z)Ljava/lang/Class; @ 38
Event: 10.353 Thread 0x000000001ae60000 Uncommon trap: reason=bimorphic action=maybe_recompile pc=0x0000000002e16ffc method=java.lang.ClassLoader.getPackage(Ljava/lang/String;)Ljava/lang/Package; @ 47
Event: 10.355 Thread 0x000000001ae60000 Uncommon trap: reason=bimorphic action=maybe_recompile pc=0x0000000002d615c4 method=java.lang.ClassLoader.loadClass(Ljava/lang/String;Z)Ljava/lang/Class; @ 38
Event: 10.357 Thread 0x000000001ae60000 Uncommon trap: reason=bimorphic action=maybe_recompile pc=0x0000000002d615c4 method=java.lang.ClassLoader.loadClass(Ljava/lang/String;Z)Ljava/lang/Class; @ 38
Event: 10.361 Thread 0x000000001ae60000 Uncommon trap: reason=bimorphic action=maybe_recompile pc=0x0000000002d615c4 method=java.lang.ClassLoader.loadClass(Ljava/lang/String;Z)Ljava/lang/Class; @ 38
Event: 10.363 Thread 0x000000001ae60000 Uncommon trap: reason=bimorphic action=maybe_recompile pc=0x0000000002e16ffc method=java.lang.ClassLoader.getPackage(Ljava/lang/String;)Ljava/lang/Package; @ 47
Event: 10.364 Thread 0x000000001ae60000 Uncommon trap: reason=unstable_if action=reinterpret pc=0x0000000002e16c7c method=java.net.URLClassLoader.getAndVerifyPackage(Ljava/lang/String;Ljava/util/jar/Manifest;Ljava/net/URL;)Ljava/lang/Package; @ 62
Event: 10.998 Thread 0x000000001ae60000 Uncommon trap: reason=unstable_if action=reinterpret pc=0x0000000002d458f0 method=java.util.HashMap.hash(Ljava/lang/Object;)I @ 1
Event: 11.345 Thread 0x000000001ae60000 Uncommon trap: reason=unstable_if action=reinterpret pc=0x0000000002b5cccc method=java.io.WinNTFileSystem.resolve(Ljava/lang/String;Ljava/lang/String;)Ljava/lang/String; @ 49
Event: 11.518 Thread 0x000000001ae60000 Uncommon trap: reason=unstable_if action=reinterpret pc=0x0000000002b84870 method=java.util.LinkedHashMap.afterNodeInsertion(Z)V @ 1

Classes redefined (0 events):
No events

Internal exceptions (10 events):
Event: 10.434 Thread 0x000000001ae60000 Exception <a 'java/lang/NoSuchMethodError': <clinit>> (0x00000000d6c58f80) thrown at [C:\src\AOSP-openjdk-git\hotspot\src\share\vm\prims\jni.cpp, line 1615]
Event: 10.437 Thread 0x000000001ae60000 Exception <a 'java/lang/NoSuchMethodError': <clinit>> (0x00000000d6c66aa0) thrown at [C:\src\AOSP-openjdk-git\hotspot\src\share\vm\prims\jni.cpp, line 1615]
Event: 10.519 Thread 0x000000001ae60000 Exception <a 'java/lang/NoSuchMethodError': <clinit>> (0x00000000d6d92858) thrown at [C:\src\AOSP-openjdk-git\hotspot\src\share\vm\prims\jni.cpp, line 1615]
Event: 10.520 Thread 0x000000001ae60000 Exception <a 'java/lang/NoSuchMethodError': <clinit>> (0x00000000d6d96900) thrown at [C:\src\AOSP-openjdk-git\hotspot\src\share\vm\prims\jni.cpp, line 1615]
Event: 10.520 Thread 0x000000001ae60000 Exception <a 'java/lang/NoSuchMethodError': <clinit>> (0x00000000d6d98238) thrown at [C:\src\AOSP-openjdk-git\hotspot\src\share\vm\prims\jni.cpp, line 1615]
Event: 10.521 Thread 0x000000001ae60000 Exception <a 'java/lang/NoSuchMethodError': <clinit>> (0x00000000d6d996e8) thrown at [C:\src\AOSP-openjdk-git\hotspot\src\share\vm\prims\jni.cpp, line 1615]
Event: 10.521 Thread 0x000000001ae60000 Exception <a 'java/lang/NoSuchMethodError': <clinit>> (0x00000000d6d9ade8) thrown at [C:\src\AOSP-openjdk-git\hotspot\src\share\vm\prims\jni.cpp, line 1615]
Event: 10.521 Thread 0x000000001ae60000 Exception <a 'java/lang/NoSuchMethodError': <clinit>> (0x00000000d6d9c398) thrown at [C:\src\AOSP-openjdk-git\hotspot\src\share\vm\prims\jni.cpp, line 1615]
Event: 10.521 Thread 0x000000001ae60000 Exception <a 'java/lang/NoSuchMethodError': <clinit>> (0x00000000d6d9d7e8) thrown at [C:\src\AOSP-openjdk-git\hotspot\src\share\vm\prims\jni.cpp, line 1615]
Event: 10.998 Thread 0x000000001ae60000 Implicit null exception at 0x0000000002d456d5 to 0x0000000002d458e1

Events (10 events):
Event: 11.875 loading class org/gradle/api/internal/DefaultDomainObjectSet
Event: 11.875 loading class org/gradle/api/internal/DefaultDomainObjectSet done
Event: 11.876 loading class org/gradle/api/internal/DefaultNamedDomainObjectSet
Event: 11.876 loading class org/gradle/api/internal/DefaultNamedDomainObjectSet done
Event: 11.877 loading class org/gradle/api/internal/DefaultPolymorphicDomainObjectContainer
Event: 11.877 loading class org/gradle/api/internal/DefaultPolymorphicDomainObjectContainer done
Event: 11.878 loading class org/gradle/api/ExtensiblePolymorphicDomainObjectContainer
Event: 11.878 loading class org/gradle/api/ExtensiblePolymorphicDomainObjectContainer done
Event: 11.878 loading class org/gradle/api/internal/rules/NamedDomainObjectFactoryRegistry
Event: 11.878 loading class org/gradle/api/internal/rules/NamedDomainObjectFactoryRegistry done


Dynamic libraries:
0x00007ff63e1a0000 - 0x00007ff63e1d1000 	C:\Program Files\Android\Android Studio\jre\bin\java.exe
0x00007ff96ab40000 - 0x00007ff96ad30000 	C:\WINDOWS\SYSTEM32\ntdll.dll
0x00007ff969ac0000 - 0x00007ff969b72000 	C:\WINDOWS\System32\KERNEL32.DLL
0x00007ff968920000 - 0x00007ff968bc4000 	C:\WINDOWS\System32\KERNELBASE.dll
0x00007ff96a9b0000 - 0x00007ff96aa53000 	C:\WINDOWS\System32\ADVAPI32.dll
0x00007ff969850000 - 0x00007ff9698ee000 	C:\WINDOWS\System32\msvcrt.dll
0x00007ff96a1e0000 - 0x00007ff96a277000 	C:\WINDOWS\System32\sechost.dll
0x00007ff968d20000 - 0x00007ff968e40000 	C:\WINDOWS\System32\RPCRT4.dll
0x00007ff969fd0000 - 0x00007ff96a164000 	C:\WINDOWS\System32\USER32.dll
0x00007ff9688f0000 - 0x00007ff968911000 	C:\WINDOWS\System32\win32u.dll
0x00007ff969b80000 - 0x00007ff969ba6000 	C:\WINDOWS\System32\GDI32.dll
0x00007ff967b20000 - 0x00007ff967cb5000 	C:\WINDOWS\System32\gdi32full.dll
0x00007ff968620000 - 0x00007ff9686be000 	C:\WINDOWS\System32\msvcp_win.dll
0x00007ff968520000 - 0x00007ff96861a000 	C:\WINDOWS\System32\ucrtbase.dll
0x00007ff9574f0000 - 0x00007ff957774000 	C:\WINDOWS\WinSxS\amd64_microsoft.windows.common-controls_6595b64144ccf1df_6.0.18362.900_none_e6beb9d913147d17\COMCTL32.dll
0x00007ff969c90000 - 0x00007ff969fc5000 	C:\WINDOWS\System32\combase.dll
0x00007ff968720000 - 0x00007ff9687a0000 	C:\WINDOWS\System32\bcryptPrimitives.dll
0x00007ff969bb0000 - 0x00007ff969bde000 	C:\WINDOWS\System32\IMM32.DLL
0x0000000061150000 - 0x0000000061222000 	C:\Program Files\Android\Android Studio\jre\jre\bin\msvcr100.dll
0x0000000061230000 - 0x0000000061a7b000 	C:\Program Files\Android\Android Studio\jre\jre\bin\server\jvm.dll
0x00007ff968ec0000 - 0x00007ff968ec8000 	C:\WINDOWS\System32\PSAPI.DLL
0x00007ff9548d0000 - 0x00007ff9548d9000 	C:\WINDOWS\SYSTEM32\WSOCK32.dll
0x00007ff96aa70000 - 0x00007ff96aadf000 	C:\WINDOWS\System32\WS2_32.dll
0x00007ff965170000 - 0x00007ff965194000 	C:\WINDOWS\SYSTEM32\WINMM.dll
0x00007ff95e9d0000 - 0x00007ff95e9da000 	C:\WINDOWS\SYSTEM32\VERSION.dll
0x00007ff965140000 - 0x00007ff96516d000 	C:\WINDOWS\SYSTEM32\WINMMBASE.dll
0x00007ff967ad0000 - 0x00007ff967b1a000 	C:\WINDOWS\System32\cfgmgr32.dll
0x00007ff963a20000 - 0x00007ff963a2f000 	C:\Program Files\Android\Android Studio\jre\jre\bin\verify.dll
0x00007ff961b90000 - 0x00007ff961bb9000 	C:\Program Files\Android\Android Studio\jre\jre\bin\java.dll
0x00007ff961600000 - 0x00007ff961616000 	C:\Program Files\Android\Android Studio\jre\jre\bin\zip.dll
0x00007ff968f30000 - 0x00007ff969616000 	C:\WINDOWS\System32\SHELL32.dll
0x00007ff96a430000 - 0x00007ff96a4d9000 	C:\WINDOWS\System32\shcore.dll
0x00007ff967cc0000 - 0x00007ff968440000 	C:\WINDOWS\System32\windows.storage.dll
0x00007ff967a80000 - 0x00007ff967aa3000 	C:\WINDOWS\System32\profapi.dll
0x00007ff967a10000 - 0x00007ff967a5a000 	C:\WINDOWS\System32\powrprof.dll
0x00007ff967a00000 - 0x00007ff967a10000 	C:\WINDOWS\System32\UMPDC.dll
0x00007ff968bf0000 - 0x00007ff968c42000 	C:\WINDOWS\System32\shlwapi.dll
0x00007ff967a60000 - 0x00007ff967a71000 	C:\WINDOWS\System32\kernel.appcore.dll
0x00007ff968bd0000 - 0x00007ff968be7000 	C:\WINDOWS\System32\cryptsp.dll
0x00007ff9610d0000 - 0x00007ff9610ea000 	C:\Program Files\Android\Android Studio\jre\jre\bin\net.dll
0x00007ff967270000 - 0x00007ff9672d7000 	C:\WINDOWS\system32\mswsock.dll
0x00007ff95a580000 - 0x00007ff95a593000 	C:\Program Files\Android\Android Studio\jre\jre\bin\nio.dll
0x00007ff9577d0000 - 0x00007ff9577f6000 	C:\Users\Mumen\.gradle\native\31\windows-amd64\native-platform.dll
0x00007ff963a10000 - 0x00007ff963a1d000 	C:\Program Files\Android\Android Studio\jre\jre\bin\management.dll
0x00007ff966de0000 - 0x00007ff966e13000 	C:\WINDOWS\system32\rsaenh.dll
0x00007ff968440000 - 0x00007ff968466000 	C:\WINDOWS\System32\bcrypt.dll
0x00007ff9678f0000 - 0x00007ff967915000 	C:\WINDOWS\SYSTEM32\USERENV.dll
0x00007ff967440000 - 0x00007ff96744c000 	C:\WINDOWS\SYSTEM32\CRYPTBASE.dll
0x00007ff966f80000 - 0x00007ff966fba000 	C:\WINDOWS\SYSTEM32\IPHLPAPI.DLL
0x00007ff96aa60000 - 0x00007ff96aa68000 	C:\WINDOWS\System32\NSI.dll
0x00007ff95f550000 - 0x00007ff95f566000 	C:\WINDOWS\SYSTEM32\dhcpcsvc6.DLL
0x00007ff95f530000 - 0x00007ff95f54c000 	C:\WINDOWS\SYSTEM32\dhcpcsvc.DLL
0x00007ff966fc0000 - 0x00007ff96708b000 	C:\WINDOWS\SYSTEM32\DNSAPI.dll

VM Arguments:
jvm_args: -Xmx2048m -Dfile.encoding=windows-1252 -Duser.country=US -Duser.language=en -Duser.variant 
java_command: org.gradle.launcher.daemon.bootstrap.GradleDaemon 6.1.1
java_class_path (initial): C:\Users\Mumen\.gradle\wrapper\dists\gradle-6.1.1-all\cfmwm155h49vnt3hynmlrsdst\gradle-6.1.1\lib\gradle-launcher-6.1.1.jar
Launcher Type: SUN_STANDARD

Environment Variables:
PATH=C:\Program Files\Java\jdk-14.0.1\bin;C:\WINDOWS\system32;C:\WINDOWS;C:\WINDOWS\System32\Wbem;C:\WINDOWS\System32\WindowsPowerShell\v1.0\;C:\WINDOWS\System32\OpenSSH\;C:\Users\Mumen\AppData\Local\Microsoft\WindowsApps;C:\Users\Mumen\AppData\Local\Programs\Microsoft VS Code\bin;c:\altera\12.1\modelsim_ase\win32aloem;C:\Program Files\JetBrains\PyCharm 2019.3.3\bin;;
USERNAME=Mumen
OS=Windows_NT
PROCESSOR_IDENTIFIER=Intel64 Family 6 Model 142 Stepping 9, GenuineIntel



---------------  S Y S T E M  ---------------

OS: Windows 10.0 , 64 bit Build 18362 (10.0.18362.900)

CPU:total 4 (initial active 4) (2 cores per cpu, 2 threads per core) family 6 model 142 stepping 9, cmov, cx8, fxsr, mmx, sse, sse2, sse3, ssse3, sse4.1, sse4.2, popcnt, avx, avx2, aes, clmul, erms, 3dnowpref, lzcnt, ht, tsc, tscinvbit, bmi1, bmi2, adx

Memory: 4k page, physical 8302416k(619800k free), swap 12212048k(304k free)

vm_info: OpenJDK 64-Bit Server VM (25.242-b01) for windows-amd64 JRE (1.8.0_242-release-1644-b01), built by "builder" with MS VC++ 10.0 (VS2010)

time: Mon Jul 06 11:47:22 2020
timezone: West Bank Gaza Daylight Time
elapsed time: 11 seconds (0d 0h 0m 11s)

