#
# There is insufficient memory for the Java Runtime Environment to continue.
# Native memory allocation (malloc) failed to allocate 32744 bytes for ChunkPool::allocate
# Possible reasons:
#   The system is out of physical RAM or swap space
#   The process is running with CompressedOops enabled, and the Java Heap may be blocking the growth of the native heap
# Possible solutions:
#   Reduce memory load on the system
#   Increase physical memory or swap space
#   Check if swap backing store is full
#   Decrease Java heap size (-Xmx/-Xms)
#   Decrease number of Java threads
#   Decrease Java thread stack sizes (-Xss)
#   Set larger code cache with -XX:ReservedCodeCacheSize=
#   JVM is running with Unscaled Compressed Oops mode in which the Java heap is
#     placed in the first 4GB address space. The Java Heap base address is the
#     maximum limit for the native heap growth. Please use -XX:HeapBaseMinAddress
#     to set the Java Heap base and to place the Java Heap above 4GB virtual address.
# This output file may be truncated or incomplete.
#
#  Out of Memory Error (allocation.cpp:272), pid=10816, tid=0x0000000000001454
#
# JRE version: OpenJDK Runtime Environment (8.0_242-b01) (build 1.8.0_242-release-1644-b01)
# Java VM: OpenJDK 64-Bit Server VM (25.242-b01 mixed mode windows-amd64 compressed oops)
# Failed to write core dump. Minidumps are not enabled by default on client versions of Windows
#

---------------  T H R E A D  ---------------

Current thread (0x0000000017df8800):  JavaThread "C2 CompilerThread0" daemon [_thread_in_native, id=5204, stack(0x0000000019450000,0x0000000019550000)]

Stack: [0x0000000019450000,0x0000000019550000]
[error occurred during error reporting (printing stack bounds), id 0xc0000005]

Native frames: (J=compiled Java code, j=interpreted, Vv=VM code, C=native code)


Current CompileTask:
C2:9118363 16392 %     4       com.android.tools.r8.B.a.a.f::a @ 66 (6062 bytes)


---------------  P R O C E S S  ---------------

Java Threads: ( => current thread )
  0x0000000021190800 JavaThread "ForkJoinPool.commonPool-worker-3" daemon [_thread_blocked, id=2840, stack(0x000000002a7b0000,0x000000002a8b0000)]
  0x000000002118f800 JavaThread "ForkJoinPool.commonPool-worker-2" daemon [_thread_blocked, id=5692, stack(0x000000002a6b0000,0x000000002a7b0000)]
  0x000000002118f000 JavaThread "ForkJoinPool.commonPool-worker-1" daemon [_thread_blocked, id=14108, stack(0x000000002a5b0000,0x000000002a6b0000)]
  0x000000002118a800 JavaThread "WorkerExecutor Queue Thread 7" [_thread_blocked, id=10924, stack(0x0000000029db0000,0x0000000029eb0000)]
  0x000000002118c800 JavaThread "WorkerExecutor Queue Thread 6" [_thread_blocked, id=13548, stack(0x0000000029ab0000,0x0000000029bb0000)]
  0x0000000021189800 JavaThread "Cache worker for Java compile cache (C:\projects\Minted\.gradle\6.1.1\javaCompile)" [_thread_blocked, id=892, stack(0x0000000028940000,0x0000000028a40000)]
  0x0000000021188000 JavaThread "Cache worker for Java compile cache (C:\Users\Mumen\.gradle\caches\6.1.1\javaCompile)" [_thread_blocked, id=5752, stack(0x00000000276c0000,0x00000000277c0000)]
  0x0000000021185000 JavaThread "WorkerExecutor Queue Thread 5" [_thread_blocked, id=9656, stack(0x0000000028b40000,0x0000000028c40000)]
  0x0000000021186000 JavaThread "stdout" [_thread_in_native, id=11220, stack(0x00000000291b0000,0x00000000292b0000)]
  0x0000000021189000 JavaThread "stderr" [_thread_in_native, id=14332, stack(0x00000000290b0000,0x00000000291b0000)]
  0x000000002118c000 JavaThread "MarlinRenderer Disposer" daemon [_thread_blocked, id=9528, stack(0x0000000028fb0000,0x00000000290b0000)]
  0x00000000205a9000 JavaThread "Java2D Disposer" daemon [_thread_blocked, id=1216, stack(0x0000000028e40000,0x0000000028f40000)]
  0x00000000205a8800 JavaThread "WorkerExecutor Queue Thread 3" [_thread_blocked, id=10716, stack(0x0000000028a40000,0x0000000028b40000)]
  0x00000000205aa800 JavaThread "stdout" [_thread_in_native, id=12420, stack(0x0000000028840000,0x0000000028940000)]
  0x00000000205aa000 JavaThread "stderr" [_thread_in_native, id=12692, stack(0x0000000028740000,0x0000000028840000)]
  0x00000000205ab800 JavaThread "stdout" [_thread_in_native, id=12184, stack(0x0000000028540000,0x0000000028640000)]
  0x00000000205a0000 JavaThread "stderr" [_thread_in_native, id=3388, stack(0x0000000028440000,0x0000000028540000)]
  0x00000000205a7000 JavaThread "stdout" [_thread_in_native, id=8780, stack(0x0000000028340000,0x0000000028440000)]
  0x000000002059f800 JavaThread "stderr" [_thread_in_native, id=12464, stack(0x0000000028240000,0x0000000028340000)]
  0x00000000205a6000 JavaThread "pool-4-thread-1" [_thread_blocked, id=9368, stack(0x0000000028140000,0x0000000028240000)]
  0x00000000205a4800 JavaThread "Cache worker for execution history cache (C:\projects\Minted\.gradle\6.1.1\executionHistory)" [_thread_blocked, id=1736, stack(0x00000000273c0000,0x00000000274c0000)]
  0x000000002059e000 JavaThread "Execution worker for ':' Thread 3" [_thread_in_native, id=2460, stack(0x0000000027940000,0x0000000027a40000)]
  0x00000000205a4000 JavaThread "Execution worker for ':' Thread 2" [_thread_in_Java, id=12880, stack(0x0000000027840000,0x0000000027940000)]
  0x00000000205a3000 JavaThread "Execution worker for ':'" [_thread_blocked, id=14092, stack(0x0000000025a90000,0x0000000025b90000)]
  0x00000000205a2800 JavaThread "Cache worker for file content cache (C:\projects\Minted\.gradle\6.1.1\fileContent)" [_thread_blocked, id=6020, stack(0x0000000025070000,0x0000000025170000)]
  0x000000001b808000 JavaThread "Cache worker for file content cache (C:\Users\Mumen\.gradle\caches\6.1.1\fileContent)" [_thread_blocked, id=13516, stack(0x0000000024d20000,0x0000000024e20000)]
  0x000000001b807000 JavaThread "Memory manager" [_thread_blocked, id=5008, stack(0x00000000240f0000,0x00000000241f0000)]
  0x000000001b806800 JavaThread "Cache worker for Build Output Cleanup Cache (C:\projects\Minted\.gradle\buildOutputCleanup)" [_thread_blocked, id=2388, stack(0x0000000024200000,0x0000000024300000)]
  0x000000001b803800 JavaThread "Build operations Thread 4" [_thread_blocked, id=3048, stack(0x0000000023bf0000,0x0000000023cf0000)]
  0x000000001ef82000 JavaThread "Build operations Thread 3" [_thread_blocked, id=13440, stack(0x0000000023430000,0x0000000023530000)]
  0x000000001ef7f000 JavaThread "Build operations Thread 2" [_thread_blocked, id=8932, stack(0x0000000023330000,0x0000000023430000)]
  0x000000001ef85000 JavaThread "Build operations" [_thread_blocked, id=10456, stack(0x0000000023230000,0x0000000023330000)]
  0x000000001ef81800 JavaThread "Cache worker for cache directory md-rule (C:\Users\Mumen\.gradle\caches\6.1.1\md-rule)" [_thread_blocked, id=9040, stack(0x00000000216b0000,0x00000000217b0000)]
  0x000000001ef83800 JavaThread "Cache worker for cache directory md-supplier (C:\Users\Mumen\.gradle\caches\6.1.1\md-supplier)" [_thread_blocked, id=2844, stack(0x00000000215b0000,0x00000000216b0000)]
  0x000000001ef80800 JavaThread "Cache worker for file hash cache (C:\projects\Minted\.gradle\6.1.1\fileHashes)" [_thread_blocked, id=8216, stack(0x0000000020110000,0x0000000020210000)]
  0x000000001ef83000 JavaThread "Cache worker for checksums cache (C:\projects\Minted\.gradle\checksums)" [_thread_blocked, id=12272, stack(0x0000000020010000,0x0000000020110000)]
  0x000000001ef7c000 JavaThread "Thread-28" [_thread_blocked, id=12372, stack(0x000000001d670000,0x000000001d770000)]
  0x000000001ef7a000 JavaThread "Stdin handler" [_thread_blocked, id=9148, stack(0x000000001d370000,0x000000001d470000)]
  0x000000001ef77000 JavaThread "Asynchronous log dispatcher for DefaultDaemonConnection: socket connection from /127.0.0.1:53451 to /127.0.0.1:54432" [_thread_blocked, id=11720, stack(0x000000001d270000,0x000000001d370000)]
  0x000000001ef7b800 JavaThread "Daemon worker Thread 2" [_thread_blocked, id=8460, stack(0x000000001cf70000,0x000000001d070000)]
  0x000000001ef7d800 JavaThread "Cancel handler" [_thread_blocked, id=9264, stack(0x000000001ce70000,0x000000001cf70000)]
  0x000000001ef76000 JavaThread "Handler for socket connection from /127.0.0.1:53451 to /127.0.0.1:54432" [_thread_in_native, id=2760, stack(0x0000000001650000,0x0000000001750000)]
  0x000000001ef7d000 JavaThread "Daemon Thread 2" [_thread_blocked, id=8100, stack(0x0000000001550000,0x0000000001650000)]
  0x000000001b809000 JavaThread "Cache worker for execution history cache (C:\Users\Mumen\.gradle\caches\6.1.1\executionHistory)" [_thread_blocked, id=5328, stack(0x00000000214b0000,0x00000000215b0000)]
  0x000000001b802800 JavaThread "Cache worker for file hash cache (C:\Users\Mumen\.gradle\caches\6.1.1\fileHashes)" [_thread_blocked, id=3116, stack(0x000000001db70000,0x000000001dc70000)]
  0x000000001a7bc000 JavaThread "File lock request listener" [_thread_in_native, id=8312, stack(0x000000001da70000,0x000000001db70000)]
  0x000000001b801000 JavaThread "Cache worker for journal cache (C:\Users\Mumen\.gradle\caches\journal-1)" [_thread_blocked, id=7568, stack(0x000000001d970000,0x000000001da70000)]
  0x000000001b712800 JavaThread "Daemon periodic checks" [_thread_blocked, id=5796, stack(0x000000001cd70000,0x000000001ce70000)]
  0x000000001b6bb800 JavaThread "Incoming local TCP Connector on port 53451" [_thread_in_native, id=11564, stack(0x000000001cb30000,0x000000001cc30000)]
  0x0000000019701800 JavaThread "Daemon health stats" [_thread_blocked, id=6268, stack(0x000000001c4f0000,0x000000001c5f0000)]
  0x0000000019662000 JavaThread "Service Thread" daemon [_thread_blocked, id=7328, stack(0x0000000019b50000,0x0000000019c50000)]
  0x0000000017e48000 JavaThread "C1 CompilerThread2" daemon [_thread_in_native, id=8892, stack(0x0000000019a50000,0x0000000019b50000)]
  0x00000000031cd000 JavaThread "C2 CompilerThread1" daemon [_thread_in_native, id=9100, stack(0x0000000019550000,0x0000000019650000)]
=>0x0000000017df8800 JavaThread "C2 CompilerThread0" daemon [_thread_in_native, id=5204, stack(0x0000000019450000,0x0000000019550000)]
  0x0000000017dfc000 JavaThread "Attach Listener" daemon [_thread_blocked, id=11812, stack(0x0000000019350000,0x0000000019450000)]
  0x0000000017dfa800 JavaThread "Signal Dispatcher" daemon [_thread_blocked, id=9380, stack(0x0000000019250000,0x0000000019350000)]
  0x00000000031c6800 JavaThread "Finalizer" daemon [_thread_blocked, id=9916, stack(0x0000000019050000,0x0000000019150000)]
  0x0000000017dd9000 JavaThread "Reference Handler" daemon [_thread_blocked, id=1912, stack(0x0000000018f50000,0x0000000019050000)]
  0x0000000002f5d800 JavaThread "main" [_thread_blocked, id=4840, stack(0x0000000002fd0000,0x00000000030d0000)]

Other Threads:
  0x0000000017db6000 VMThread [stack: 0x0000000018e50000,0x0000000018f50000] [id=3792]
  0x0000000019662800 WatcherThread [stack: 0x0000000019c50000,0x0000000019d50000] [id=12136]

VM state:not at safepoint (normal execution)

VM Mutex/Monitor currently owned by a thread: None

OutOfMemory and StackOverflow Exception counts:
OutOfMemoryError java_heap_errors=1

heap address: 0x0000000080000000, size: 2048 MB, Compressed Oops mode: 32-bit
Narrow klass base: 0x0000000000000000, Narrow klass shift: 3
Compressed class space size: 1073741824 Address: 0x0000000100000000

Heap:
 PSYoungGen      total 200704K, used 107096K [0x00000000d5580000, 0x00000000e3480000, 0x0000000100000000)
  eden space 173056K, 53% used [0x00000000d5580000,0x00000000db02e838,0x00000000dfe80000)
  from space 27648K, 51% used [0x00000000dfe80000,0x00000000e0c67b58,0x00000000e1980000)
  to   space 21504K, 0% used [0x00000000e1f80000,0x00000000e1f80000,0x00000000e3480000)
 ParOldGen       total 193024K, used 43950K [0x0000000080000000, 0x000000008bc80000, 0x00000000d5580000)
  object space 193024K, 22% used [0x0000000080000000,0x0000000082aebb88,0x000000008bc80000)
 Metaspace       used 105212K, capacity 109636K, committed 109864K, reserved 1144832K
  class space    used 13714K, capacity 14588K, committed 14640K, reserved 1048576K

Card table byte_map: [0x0000000012590000,0x00000000129a0000] byte_map_base: 0x0000000012190000

Marking Bits: (ParMarkBitMap*) 0x00000000619ff030
 Begin Bits: [0x0000000013050000, 0x0000000015050000)
 End Bits:   [0x0000000015050000, 0x0000000017050000)

Polling page: 0x0000000001770000

CodeCache: size=245760Kb used=44940Kb max_used=45582Kb free=200819Kb
 bounds [0x00000000031d0000, 0x0000000005e90000, 0x00000000121d0000]
 total_blobs=14988 nmethods=13933 adapters=965
 compilation: enabled

Compilation events (10 events):
Event: 9118.345 Thread 0x0000000017e48000 nmethod 16570 0x0000000005968dd0 code [0x0000000005968f40, 0x0000000005969210]
Event: 9118.345 Thread 0x0000000017e48000 16571       3       java.util.HashMap$EntrySpliterator::forEachRemaining (183 bytes)
Event: 9118.345 Thread 0x0000000017e48000 nmethod 16571 0x0000000005960b50 code [0x0000000005960d20, 0x0000000005961528]
Event: 9118.345 Thread 0x0000000017e48000 16572       1       com.android.tools.r8.u.b.h0::V1 (2 bytes)
Event: 9118.345 Thread 0x0000000017e48000 nmethod 16572 0x0000000005968a90 code [0x0000000005968be0, 0x0000000005968cf0]
Event: 9118.345 Thread 0x0000000017e48000 16569       3       com.android.tools.r8.u.b.s::a (136 bytes)
Event: 9118.346 Thread 0x0000000017e48000 nmethod 16569 0x000000000595fcd0 code [0x000000000595fec0, 0x0000000005960868]
Event: 9118.347 Thread 0x0000000017e48000 16573       3       java.util.HashMap::computeIfAbsent (309 bytes)
Event: 9118.348 Thread 0x0000000017e48000 nmethod 16573 0x000000000595d710 code [0x000000000595d9e0, 0x000000000595f258]
Event: 9118.348 Thread 0x0000000017e48000 16574       3       com.android.tools.r8.ir.regalloc.a::a (1759 bytes)

GC Heap History (10 events):
Event: 9096.595 GC heap before
{Heap before GC invocations=19 (full 3):
 PSYoungGen      total 212992K, used 212979K [0x00000000d5580000, 0x00000000e4480000, 0x0000000100000000)
  eden space 190464K, 100% used [0x00000000d5580000,0x00000000e0f80000,0x00000000e0f80000)
  from space 22528K, 99% used [0x00000000e1580000,0x00000000e2b7cf40,0x00000000e2b80000)
  to   space 25600K, 0% used [0x00000000e2b80000,0x00000000e2b80000,0x00000000e4480000)
 ParOldGen       total 133632K, used 39317K [0x0000000080000000, 0x0000000088280000, 0x00000000d5580000)
  object space 133632K, 29% used [0x0000000080000000,0x0000000082665500,0x0000000088280000)
 Metaspace       used 88552K, capacity 92406K, committed 92720K, reserved 1130496K
  class space    used 11497K, capacity 12269K, committed 12336K, reserved 1048576K
Event: 9096.631 GC heap after
Heap after GC invocations=19 (full 3):
 PSYoungGen      total 203776K, used 16807K [0x00000000d5580000, 0x00000000e3e80000, 0x0000000100000000)
  eden space 184320K, 0% used [0x00000000d5580000,0x00000000d5580000,0x00000000e0980000)
  from space 19456K, 86% used [0x00000000e2b80000,0x00000000e3be9f48,0x00000000e3e80000)
  to   space 27136K, 0% used [0x00000000e0980000,0x00000000e0980000,0x00000000e2400000)
 ParOldGen       total 133632K, used 54727K [0x0000000080000000, 0x0000000088280000, 0x00000000d5580000)
  object space 133632K, 40% used [0x0000000080000000,0x0000000083571e38,0x0000000088280000)
 Metaspace       used 88552K, capacity 92406K, committed 92720K, reserved 1130496K
  class space    used 11497K, capacity 12269K, committed 12336K, reserved 1048576K
}
Event: 9105.269 GC heap before
{Heap before GC invocations=20 (full 3):
 PSYoungGen      total 203776K, used 201127K [0x00000000d5580000, 0x00000000e3e80000, 0x0000000100000000)
  eden space 184320K, 100% used [0x00000000d5580000,0x00000000e0980000,0x00000000e0980000)
  from space 19456K, 86% used [0x00000000e2b80000,0x00000000e3be9f48,0x00000000e3e80000)
  to   space 27136K, 0% used [0x00000000e0980000,0x00000000e0980000,0x00000000e2400000)
 ParOldGen       total 133632K, used 54727K [0x0000000080000000, 0x0000000088280000, 0x00000000d5580000)
  object space 133632K, 40% used [0x0000000080000000,0x0000000083571e38,0x0000000088280000)
 Metaspace       used 91786K, capacity 95674K, committed 95920K, reserved 1132544K
  class space    used 11887K, capacity 12665K, committed 12720K, reserved 1048576K
Event: 9105.295 GC heap after
Heap after GC invocations=20 (full 3):
 PSYoungGen      total 198144K, used 18973K [0x00000000d5580000, 0x00000000e3b00000, 0x0000000100000000)
  eden space 178688K, 0% used [0x00000000d5580000,0x00000000d5580000,0x00000000e0400000)
  from space 19456K, 97% used [0x00000000e0980000,0x00000000e1c075c0,0x00000000e1c80000)
  to   space 28160K, 0% used [0x00000000e1f80000,0x00000000e1f80000,0x00000000e3b00000)
 ParOldGen       total 133632K, used 54735K [0x0000000080000000, 0x0000000088280000, 0x00000000d5580000)
  object space 133632K, 40% used [0x0000000080000000,0x0000000083573e38,0x0000000088280000)
 Metaspace       used 91786K, capacity 95674K, committed 95920K, reserved 1132544K
  class space    used 11887K, capacity 12665K, committed 12720K, reserved 1048576K
}
Event: 9107.311 GC heap before
{Heap before GC invocations=21 (full 3):
 PSYoungGen      total 198144K, used 140613K [0x00000000d5580000, 0x00000000e3b00000, 0x0000000100000000)
  eden space 178688K, 68% used [0x00000000d5580000,0x00000000dcc49fa8,0x00000000e0400000)
  from space 19456K, 97% used [0x00000000e0980000,0x00000000e1c075c0,0x00000000e1c80000)
  to   space 28160K, 0% used [0x00000000e1f80000,0x00000000e1f80000,0x00000000e3b00000)
 ParOldGen       total 133632K, used 54735K [0x0000000080000000, 0x0000000088280000, 0x00000000d5580000)
  object space 133632K, 40% used [0x0000000080000000,0x0000000083573e38,0x0000000088280000)
 Metaspace       used 94438K, capacity 98356K, committed 98600K, reserved 1134592K
  class space    used 12288K, capacity 13098K, committed 13104K, reserved 1048576K
Event: 9107.335 GC heap after
Heap after GC invocations=21 (full 3):
 PSYoungGen      total 194560K, used 16195K [0x00000000d5580000, 0x00000000e3480000, 0x0000000100000000)
  eden space 173056K, 0% used [0x00000000d5580000,0x00000000d5580000,0x00000000dfe80000)
  from space 21504K, 75% used [0x00000000e1f80000,0x00000000e2f50ea0,0x00000000e3480000)
  to   space 27648K, 0% used [0x00000000dfe80000,0x00000000dfe80000,0x00000000e1980000)
 ParOldGen       total 133632K, used 54743K [0x0000000080000000, 0x0000000088280000, 0x00000000d5580000)
  object space 133632K, 40% used [0x0000000080000000,0x0000000083575e38,0x0000000088280000)
 Metaspace       used 94438K, capacity 98356K, committed 98600K, reserved 1134592K
  class space    used 12288K, capacity 13098K, committed 13104K, reserved 1048576K
}
Event: 9107.339 GC heap before
{Heap before GC invocations=22 (full 4):
 PSYoungGen      total 194560K, used 16195K [0x00000000d5580000, 0x00000000e3480000, 0x0000000100000000)
  eden space 173056K, 0% used [0x00000000d5580000,0x00000000d5580000,0x00000000dfe80000)
  from space 21504K, 75% used [0x00000000e1f80000,0x00000000e2f50ea0,0x00000000e3480000)
  to   space 27648K, 0% used [0x00000000dfe80000,0x00000000dfe80000,0x00000000e1980000)
 ParOldGen       total 133632K, used 54743K [0x0000000080000000, 0x0000000088280000, 0x00000000d5580000)
  object space 133632K, 40% used [0x0000000080000000,0x0000000083575e38,0x0000000088280000)
 Metaspace       used 94438K, capacity 98356K, committed 98600K, reserved 1134592K
  class space    used 12288K, capacity 13098K, committed 13104K, reserved 1048576K
Event: 9108.143 GC heap after
Heap after GC invocations=22 (full 4):
 PSYoungGen      total 194560K, used 0K [0x00000000d5580000, 0x00000000e3480000, 0x0000000100000000)
  eden space 173056K, 0% used [0x00000000d5580000,0x00000000d5580000,0x00000000dfe80000)
  from space 21504K, 0% used [0x00000000e1f80000,0x00000000e1f80000,0x00000000e3480000)
  to   space 27648K, 0% used [0x00000000dfe80000,0x00000000dfe80000,0x00000000e1980000)
 ParOldGen       total 193024K, used 43942K [0x0000000080000000, 0x000000008bc80000, 0x00000000d5580000)
  object space 193024K, 22% used [0x0000000080000000,0x0000000082ae9b88,0x000000008bc80000)
 Metaspace       used 93579K, capacity 96836K, committed 98600K, reserved 1134592K
  class space    used 12123K, capacity 12798K, committed 13104K, reserved 1048576K
}
Event: 9115.982 GC heap before
{Heap before GC invocations=23 (full 4):
 PSYoungGen      total 194560K, used 173056K [0x00000000d5580000, 0x00000000e3480000, 0x0000000100000000)
  eden space 173056K, 100% used [0x00000000d5580000,0x00000000dfe80000,0x00000000dfe80000)
  from space 21504K, 0% used [0x00000000e1f80000,0x00000000e1f80000,0x00000000e3480000)
  to   space 27648K, 0% used [0x00000000dfe80000,0x00000000dfe80000,0x00000000e1980000)
 ParOldGen       total 193024K, used 43942K [0x0000000080000000, 0x000000008bc80000, 0x00000000d5580000)
  object space 193024K, 22% used [0x0000000080000000,0x0000000082ae9b88,0x000000008bc80000)
 Metaspace       used 98264K, capacity 101866K, committed 102952K, reserved 1138688K
  class space    used 12680K, capacity 13399K, committed 13616K, reserved 1048576K
Event: 9116.061 GC heap after
Heap after GC invocations=23 (full 4):
 PSYoungGen      total 200704K, used 14238K [0x00000000d5580000, 0x00000000e3480000, 0x0000000100000000)
  eden space 173056K, 0% used [0x00000000d5580000,0x00000000d5580000,0x00000000dfe80000)
  from space 27648K, 51% used [0x00000000dfe80000,0x00000000e0c67b58,0x00000000e1980000)
  to   space 21504K, 0% used [0x00000000e1f80000,0x00000000e1f80000,0x00000000e3480000)
 ParOldGen       total 193024K, used 43950K [0x0000000080000000, 0x000000008bc80000, 0x00000000d5580000)
  object space 193024K, 22% used [0x0000000080000000,0x0000000082aebb88,0x000000008bc80000)
 Metaspace       used 98264K, capacity 101866K, committed 102952K, reserved 1138688K
  class space    used 12680K, capacity 13399K, committed 13616K, reserved 1048576K
}

Deoptimization events (10 events):
Event: 9118.170 Thread 0x00000000205a4000 Uncommon trap: reason=bimorphic action=maybe_recompile pc=0x000000000510b408 method=com.android.tools.r8.s.a.a.a.v.hash(Ljava/lang/Object;)I @ 8
Event: 9118.171 Thread 0x00000000205a4000 Uncommon trap: reason=bimorphic action=maybe_recompile pc=0x000000000510b408 method=com.android.tools.r8.s.a.a.a.v.hash(Ljava/lang/Object;)I @ 8
Event: 9118.174 Thread 0x00000000205a4000 Uncommon trap: reason=unstable_if action=reinterpret pc=0x0000000004e47a10 method=java.util.Collections$SetFromMap.add(Ljava/lang/Object;)Z @ 13
Event: 9118.186 Thread 0x00000000205a4000 Uncommon trap: reason=bimorphic action=maybe_recompile pc=0x000000000510b408 method=com.android.tools.r8.s.a.a.a.v.hash(Ljava/lang/Object;)I @ 8
Event: 9118.186 Thread 0x00000000205a4000 Uncommon trap: reason=bimorphic action=maybe_recompile pc=0x000000000510b408 method=com.android.tools.r8.s.a.a.a.v.hash(Ljava/lang/Object;)I @ 8
Event: 9118.190 Thread 0x000000001ef7b800 Uncommon trap: reason=bimorphic action=maybe_recompile pc=0x0000000005d8ea20 method=com.android.tools.r8.ir.conversion.q.<init>(Lcom/android/tools/r8/ir/conversion/x;)V @ 5
Event: 9118.216 Thread 0x000000001ef7b800 Uncommon trap: reason=unstable_if action=reinterpret pc=0x0000000005695a24 method=com.android.tools.r8.ir.conversion.o.b(Lcom/android/tools/r8/r/n/z;)Z @ 11
Event: 9118.233 Thread 0x00000000205a4000 Uncommon trap: reason=bimorphic action=maybe_recompile pc=0x0000000005d8ea20 method=com.android.tools.r8.ir.conversion.q.<init>(Lcom/android/tools/r8/ir/conversion/x;)V @ 5
Event: 9118.235 Thread 0x00000000205a4000 Uncommon trap: reason=unstable_if action=reinterpret pc=0x000000000492be88 method=java.util.HashMap.computeIfAbsent(Ljava/lang/Object;Ljava/util/function/Function;)Ljava/lang/Object; @ 145
Event: 9118.242 Thread 0x00000000205a3000 Uncommon trap: reason=bimorphic action=maybe_recompile pc=0x0000000005d8ea20 method=com.android.tools.r8.ir.conversion.q.<init>(Lcom/android/tools/r8/ir/conversion/x;)V @ 5

Classes redefined (0 events):
No events

Internal exceptions (10 events):
Event: 9117.352 Thread 0x000000002118c800 Exception <a 'sun/nio/fs/WindowsException'> (0x00000000d8280580) thrown at [C:\src\AOSP-openjdk-git\hotspot\src\share\vm\prims\jni.cpp, line 710]
Event: 9117.352 Thread 0x000000002118c800 Exception <a 'sun/nio/fs/WindowsException'> (0x00000000d8281338) thrown at [C:\src\AOSP-openjdk-git\hotspot\src\share\vm\prims\jni.cpp, line 710]
Event: 9117.352 Thread 0x000000002118c800 Exception <a 'sun/nio/fs/WindowsException'> (0x00000000d8281830) thrown at [C:\src\AOSP-openjdk-git\hotspot\src\share\vm\prims\jni.cpp, line 710]
Event: 9117.352 Thread 0x000000002118c800 Exception <a 'sun/nio/fs/WindowsException'> (0x00000000d82825c8) thrown at [C:\src\AOSP-openjdk-git\hotspot\src\share\vm\prims\jni.cpp, line 710]
Event: 9117.539 Thread 0x000000002118c800 Exception <a 'sun/nio/fs/WindowsException'> (0x00000000d82944f8) thrown at [C:\src\AOSP-openjdk-git\hotspot\src\share\vm\prims\jni.cpp, line 710]
Event: 9117.971 Thread 0x000000002059e000 Implicit null exception at 0x0000000003fd87a5 to 0x0000000003fd8af9
Event: 9118.013 Thread 0x000000001ef7b800 Exception <a 'sun/nio/fs/WindowsException'> (0x00000000d942d3c0) thrown at [C:\src\AOSP-openjdk-git\hotspot\src\share\vm\prims\jni.cpp, line 710]
Event: 9118.015 Thread 0x00000000205a4000 Exception <a 'sun/nio/fs/WindowsException'> (0x00000000d950e290) thrown at [C:\src\AOSP-openjdk-git\hotspot\src\share\vm\prims\jni.cpp, line 710]
Event: 9118.035 Thread 0x000000002059e000 Exception <a 'java/lang/OutOfMemoryError'> (0x00000000d973ec20) thrown at [C:\src\AOSP-openjdk-git\hotspot\src\share\vm\prims\jni.cpp, line 737]
Event: 9118.045 Thread 0x00000000205a3000 Exception <a 'sun/nio/fs/WindowsException'> (0x00000000d9b1bf88) thrown at [C:\src\AOSP-openjdk-git\hotspot\src\share\vm\prims\jni.cpp, line 710]

Events (10 events):
Event: 9118.334 loading class com/android/tools/r8/s/a/a/b/k2$a
Event: 9118.334 loading class com/android/tools/r8/s/a/a/b/k2$a done
Event: 9118.334 loading class com/android/tools/r8/graph/H$d
Event: 9118.334 loading class com/android/tools/r8/graph/H$d done
Event: 9118.334 loading class com/android/tools/r8/s/a/a/b/u0
Event: 9118.334 loading class com/android/tools/r8/s/a/a/b/u0 done
Event: 9118.336 loading class com/android/tools/r8/ir/regalloc/f
Event: 9118.336 loading class com/android/tools/r8/ir/regalloc/f done
Event: 9118.338 Executing VM operation: ForceSafepoint
Event: 9118.339 Executing VM operation: ForceSafepoint done


Dynamic libraries:
0x00007ff63e1a0000 - 0x00007ff63e1d1000 	C:\Program Files\Android\Android Studio\jre\bin\java.exe
0x00007ff96ab40000 - 0x00007ff96ad30000 	C:\WINDOWS\SYSTEM32\ntdll.dll
0x00007ff969ac0000 - 0x00007ff969b72000 	C:\WINDOWS\System32\KERNEL32.DLL
0x00007ff968920000 - 0x00007ff968bc4000 	C:\WINDOWS\System32\KERNELBASE.dll
0x00007ff96a9b0000 - 0x00007ff96aa53000 	C:\WINDOWS\System32\ADVAPI32.dll
0x00007ff969850000 - 0x00007ff9698ee000 	C:\WINDOWS\System32\msvcrt.dll
0x00007ff96a1e0000 - 0x00007ff96a277000 	C:\WINDOWS\System32\sechost.dll
0x00007ff968d20000 - 0x00007ff968e40000 	C:\WINDOWS\System32\RPCRT4.dll
0x00007ff969fd0000 - 0x00007ff96a164000 	C:\WINDOWS\System32\USER32.dll
0x00007ff9688f0000 - 0x00007ff968911000 	C:\WINDOWS\System32\win32u.dll
0x00007ff969b80000 - 0x00007ff969ba6000 	C:\WINDOWS\System32\GDI32.dll
0x00007ff967b20000 - 0x00007ff967cb5000 	C:\WINDOWS\System32\gdi32full.dll
0x00007ff968620000 - 0x00007ff9686be000 	C:\WINDOWS\System32\msvcp_win.dll
0x00007ff968520000 - 0x00007ff96861a000 	C:\WINDOWS\System32\ucrtbase.dll
0x00007ff9574f0000 - 0x00007ff957774000 	C:\WINDOWS\WinSxS\amd64_microsoft.windows.common-controls_6595b64144ccf1df_6.0.18362.900_none_e6beb9d913147d17\COMCTL32.dll
0x00007ff969c90000 - 0x00007ff969fc5000 	C:\WINDOWS\System32\combase.dll
0x00007ff968720000 - 0x00007ff9687a0000 	C:\WINDOWS\System32\bcryptPrimitives.dll
0x00007ff969bb0000 - 0x00007ff969bde000 	C:\WINDOWS\System32\IMM32.DLL
0x0000000061150000 - 0x0000000061222000 	C:\Program Files\Android\Android Studio\jre\jre\bin\msvcr100.dll
0x0000000061230000 - 0x0000000061a7b000 	C:\Program Files\Android\Android Studio\jre\jre\bin\server\jvm.dll
0x00007ff968ec0000 - 0x00007ff968ec8000 	C:\WINDOWS\System32\PSAPI.DLL
0x00007ff9548d0000 - 0x00007ff9548d9000 	C:\WINDOWS\SYSTEM32\WSOCK32.dll
0x00007ff96aa70000 - 0x00007ff96aadf000 	C:\WINDOWS\System32\WS2_32.dll
0x00007ff965170000 - 0x00007ff965194000 	C:\WINDOWS\SYSTEM32\WINMM.dll
0x00007ff95e9d0000 - 0x00007ff95e9da000 	C:\WINDOWS\SYSTEM32\VERSION.dll
0x00007ff965140000 - 0x00007ff96516d000 	C:\WINDOWS\SYSTEM32\WINMMBASE.dll
0x00007ff967ad0000 - 0x00007ff967b1a000 	C:\WINDOWS\System32\cfgmgr32.dll
0x00007ff963a20000 - 0x00007ff963a2f000 	C:\Program Files\Android\Android Studio\jre\jre\bin\verify.dll
0x00007ff961b90000 - 0x00007ff961bb9000 	C:\Program Files\Android\Android Studio\jre\jre\bin\java.dll
0x00007ff961600000 - 0x00007ff961616000 	C:\Program Files\Android\Android Studio\jre\jre\bin\zip.dll
0x00007ff968f30000 - 0x00007ff969616000 	C:\WINDOWS\System32\SHELL32.dll
0x00007ff96a430000 - 0x00007ff96a4d9000 	C:\WINDOWS\System32\shcore.dll
0x00007ff967cc0000 - 0x00007ff968440000 	C:\WINDOWS\System32\windows.storage.dll
0x00007ff967a80000 - 0x00007ff967aa3000 	C:\WINDOWS\System32\profapi.dll
0x00007ff967a10000 - 0x00007ff967a5a000 	C:\WINDOWS\System32\powrprof.dll
0x00007ff967a00000 - 0x00007ff967a10000 	C:\WINDOWS\System32\UMPDC.dll
0x00007ff968bf0000 - 0x00007ff968c42000 	C:\WINDOWS\System32\shlwapi.dll
0x00007ff967a60000 - 0x00007ff967a71000 	C:\WINDOWS\System32\kernel.appcore.dll
0x00007ff968bd0000 - 0x00007ff968be7000 	C:\WINDOWS\System32\cryptsp.dll
0x00007ff9610d0000 - 0x00007ff9610ea000 	C:\Program Files\Android\Android Studio\jre\jre\bin\net.dll
0x00007ff967270000 - 0x00007ff9672d7000 	C:\WINDOWS\system32\mswsock.dll
0x00007ff95a580000 - 0x00007ff95a593000 	C:\Program Files\Android\Android Studio\jre\jre\bin\nio.dll
0x00007ff9577d0000 - 0x00007ff9577f6000 	C:\Users\Mumen\.gradle\native\31\windows-amd64\native-platform.dll
0x00007ff963a10000 - 0x00007ff963a1d000 	C:\Program Files\Android\Android Studio\jre\jre\bin\management.dll
0x00007ff966de0000 - 0x00007ff966e13000 	C:\WINDOWS\system32\rsaenh.dll
0x00007ff968440000 - 0x00007ff968466000 	C:\WINDOWS\System32\bcrypt.dll
0x00007ff9678f0000 - 0x00007ff967915000 	C:\WINDOWS\SYSTEM32\USERENV.dll
0x00007ff967440000 - 0x00007ff96744c000 	C:\WINDOWS\SYSTEM32\CRYPTBASE.dll
0x00007ff966f80000 - 0x00007ff966fba000 	C:\WINDOWS\SYSTEM32\IPHLPAPI.DLL
0x00007ff96aa60000 - 0x00007ff96aa68000 	C:\WINDOWS\System32\NSI.dll
0x00007ff95f550000 - 0x00007ff95f566000 	C:\WINDOWS\SYSTEM32\dhcpcsvc6.DLL
0x00007ff95f530000 - 0x00007ff95f54c000 	C:\WINDOWS\SYSTEM32\dhcpcsvc.DLL
0x00007ff966fc0000 - 0x00007ff96708b000 	C:\WINDOWS\SYSTEM32\DNSAPI.dll
0x00007ff958120000 - 0x00007ff958144000 	C:\Program Files\Android\Android Studio\jre\jre\bin\sunec.dll
0x00007ff95aa60000 - 0x00007ff95aa6a000 	C:\Windows\System32\rasadhlp.dll
0x00007ff95eb80000 - 0x00007ff95ebf7000 	C:\WINDOWS\System32\fwpuclnt.dll
0x00007ff961670000 - 0x00007ff96167b000 	C:\Program Files\Android\Android Studio\jre\jre\bin\sunmscapi.dll
0x00007ff9687a0000 - 0x00007ff9688e9000 	C:\WINDOWS\System32\CRYPT32.dll
0x00007ff967ab0000 - 0x00007ff967ac2000 	C:\WINDOWS\System32\MSASN1.dll
0x00007ff965070000 - 0x00007ff9650ff000 	C:\WINDOWS\system32\apphelp.dll
0x00007ff915590000 - 0x00007ff91572c000 	C:\Program Files\Android\Android Studio\jre\jre\bin\awt.dll
0x00007ff969620000 - 0x00007ff9696e5000 	C:\WINDOWS\System32\OLEAUT32.dll
0x00007ff965a50000 - 0x00007ff965a7d000 	C:\WINDOWS\SYSTEM32\dwmapi.dll
0x00007ff963b00000 - 0x00007ff9640c0000 	C:\WINDOWS\SYSTEM32\d2d1.dll
0x00007ff965330000 - 0x00007ff9653c9000 	C:\WINDOWS\system32\uxtheme.dll

VM Arguments:
jvm_args: -Xmx2048m -Dfile.encoding=windows-1252 -Duser.country=US -Duser.language=en -Duser.variant 
java_command: org.gradle.launcher.daemon.bootstrap.GradleDaemon 6.1.1
java_class_path (initial): C:\Users\Mumen\.gradle\wrapper\dists\gradle-6.1.1-all\cfmwm155h49vnt3hynmlrsdst\gradle-6.1.1\lib\gradle-launcher-6.1.1.jar
Launcher Type: SUN_STANDARD

Environment Variables:
PATH=C:\Program Files\Java\jdk-14.0.1\bin;C:\WINDOWS\system32;C:\WINDOWS;C:\WINDOWS\System32\Wbem;C:\WINDOWS\System32\WindowsPowerShell\v1.0\;C:\WINDOWS\System32\OpenSSH\;C:\Users\Mumen\AppData\Local\Microsoft\WindowsApps;C:\Users\Mumen\AppData\Local\Programs\Microsoft VS Code\bin;c:\altera\12.1\modelsim_ase\win32aloem;C:\Program Files\JetBrains\PyCharm 2019.3.3\bin;;
USERNAME=Mumen
OS=Windows_NT
PROCESSOR_IDENTIFIER=Intel64 Family 6 Model 142 Stepping 9, GenuineIntel



---------------  S Y S T E M  ---------------

OS: Windows 10.0 , 64 bit Build 18362 (10.0.18362.900)

CPU:total 4 (initial active 4) (2 cores per cpu, 2 threads per core) family 6 model 142 stepping 9, cmov, cx8, fxsr, mmx, sse, sse2, sse3, ssse3, sse4.1, sse4.2, popcnt, avx, avx2, aes, clmul, erms, 3dnowpref, lzcnt, ht, tsc, tscinvbit, bmi1, bmi2, adx

Memory: 4k page, physical 8302416k(566504k free), swap 12212048k(800k free)

vm_info: OpenJDK 64-Bit Server VM (25.242-b01) for windows-amd64 JRE (1.8.0_242-release-1644-b01), built by "builder" with MS VC++ 10.0 (VS2010)

time: Mon Jul 06 11:43:14 2020
timezone: West Bank Gaza Daylight Time
elapsed time: 9118 seconds (0d 2h 31m 58s)

